<?xml version="1.0" encoding="UTF-8"?>
<testsuite name="com.techprimers.springbatchexample1.SpringBatchExample1ApplicationTests" time="0.059" tests="1" errors="1" skipped="0" failures="0">
  <properties>
[...]
</properties>
  <testcase name="initializationError" classname="com.techprimers.springbatchexample1.SpringBatchExample1ApplicationTests" time="0.059">
    <error message="Unable to find a @SpringBootConfiguration, you need to use @ContextConfiguration or @SpringBootTest(classes=...) with your test" type="java.lang.IllegalStateException"><![CDATA[java.lang.IllegalStateException: Unable to find a @SpringBootConfiguration, you need to use @ContextConfiguration or @SpringBootTest(classes=...) with your test
	at org.springframework.util.Assert.state(Assert.java:70)
	at org.springframework.boot.test.context.SpringBootTestContextBootstrapper.getOrFindConfigurationClasses(SpringBootTestContextBootstrapper.java:202)
	at org.springframework.boot.test.context.SpringBootTestContextBootstrapper.processMergedContextConfiguration(SpringBootTestContextBootstrapper.java:137)
	at org.springframework.test.context.support.AbstractTestContextBootstrapper.buildMergedContextConfiguration(AbstractTestContextBootstrapper.java:397)
	at org.springframework.test.context.support.AbstractTestContextBootstrapper.buildDefaultMergedContextConfiguration(AbstractTestContextBootstrapper.java:311)
	at org.springframework.test.context.support.AbstractTestContextBootstrapper.buildMergedContextConfiguration(AbstractTestContextBootstrapper.java:265)
	at org.springframework.test.context.support.AbstractTestContextBootstrapper.buildTestContext(AbstractTestContextBootstrapper.java:105)
	at org.springframework.boot.test.context.SpringBootTestContextBootstrapper.buildTestContext(SpringBootTestContextBootstrapper.java:82)
	at org.springframework.test.context.TestContextManager.<init>(TestContextManager.java:120)
	at org.springframework.test.context.TestContextManager.<init>(TestContextManager.java:105)
	at org.springframework.test.context.junit4.SpringJUnit4ClassRunner.createTestContextManager(SpringJUnit4ClassRunner.java:152)
	at org.springframework.test.context.junit4.SpringJUnit4ClassRunner.<init>(SpringJUnit4ClassRunner.java:143)
	at org.springframework.test.context.junit4.SpringRunner.<init>(SpringRunner.java:49)
	at sun.reflect.NativeConstructorAccessorImpl.newInstance0(Native Method)
	at sun.reflect.NativeConstructorAccessorImpl.newInstance(NativeConstructorAccessorImpl.java:62)
	at sun.reflect.DelegatingConstructorAccessorImpl.newInstance(DelegatingConstructorAccessorImpl.java:45)
	at java.lang.reflect.Constructor.newInstance(Constructor.java:423)
	at org.junit.internal.builders.AnnotatedBuilder.buildRunner(AnnotatedBuilder.java:104)
	at org.junit.internal.builders.AnnotatedBuilder.runnerForClass(AnnotatedBuilder.java:86)
	at org.junit.runners.model.RunnerBuilder.safeRunnerForClass(RunnerBuilder.java:59)
	at org.junit.internal.builders.AllDefaultPossibilitiesBuilder.runnerForClass(AllDefaultPossibilitiesBuilder.java:26)
	at org.junit.runners.model.RunnerBuilder.safeRunnerForClass(RunnerBuilder.java:59)
	at org.junit.internal.requests.ClassRequest.getRunner(ClassRequest.java:33)
	at org.apache.maven.surefire.junit4.JUnit4Provider.execute(JUnit4Provider.java:283)
	at org.apache.maven.surefire.junit4.JUnit4Provider.executeWithRerun(JUnit4Provider.java:173)
	at org.apache.maven.surefire.junit4.JUnit4Provider.executeTestSet(JUnit4Provider.java:153)
	at org.apache.maven.surefire.junit4.JUnit4Provider.invoke(JUnit4Provider.java:128)
	at org.apache.maven.surefire.booter.ForkedBooter.invokeProviderInSameClassLoader(ForkedBooter.java:203)
	at org.apache.maven.surefire.booter.ForkedBooter.runSuitesInProcess(ForkedBooter.java:155)
	at org.apache.maven.surefire.booter.ForkedBooter.main(ForkedBooter.java:103)
]]></error>
    <system-out><![CDATA[12:02:13.074 [main] DEBUG org.springframework.test.context.junit4.SpringJUnit4ClassRunner - SpringJUnit4ClassRunner constructor called with [class com.techprimers.springbatchexample1.SpringBatchExample1ApplicationTests]
12:02:13.135 [main] DEBUG org.springframework.test.context.BootstrapUtils - Instantiating CacheAwareContextLoaderDelegate from class [org.springframework.test.context.cache.DefaultCacheAwareContextLoaderDelegate]
12:02:13.208 [main] DEBUG org.springframework.test.context.BootstrapUtils - Instantiating BootstrapContext using constructor [public org.springframework.test.context.support.DefaultBootstrapContext(java.lang.Class,org.springframework.test.context.CacheAwareContextLoaderDelegate)]
12:02:13.276 [main] DEBUG org.springframework.test.context.BootstrapUtils - Instantiating TestContextBootstrapper for test class [com.techprimers.springbatchexample1.SpringBatchExample1ApplicationTests] from class [org.springframework.boot.test.context.SpringBootTestContextBootstrapper]
12:02:15.479 [main] INFO org.springframework.boot.test.context.SpringBootTestContextBootstrapper - Neither @ContextConfiguration nor @ContextHierarchy found for test class [com.techprimers.springbatchexample1.SpringBatchExample1ApplicationTests], using SpringBootContextLoader
12:02:15.557 [main] DEBUG org.springframework.test.context.support.AbstractContextLoader - Did not detect default resource location for test class [com.techprimers.springbatchexample1.SpringBatchExample1ApplicationTests]: class path resource [com/techprimers/springbatchexample1/SpringBatchExample1ApplicationTests-context.xml] does not exist
12:02:15.559 [main] DEBUG org.springframework.test.context.support.AbstractContextLoader - Did not detect default resource location for test class [com.techprimers.springbatchexample1.SpringBatchExample1ApplicationTests]: class path resource [com/techprimers/springbatchexample1/SpringBatchExample1ApplicationTestsContext.groovy] does not exist
12:02:15.561 [main] INFO org.springframework.test.context.support.AbstractContextLoader - Could not detect default resource locations for test class [com.techprimers.springbatchexample1.SpringBatchExample1ApplicationTests]: no resource found for suffixes {-context.xml, Context.groovy}.
12:02:15.592 [main] INFO org.springframework.test.context.support.AnnotationConfigContextLoaderUtils - Could not detect default configuration classes for test class [com.techprimers.springbatchexample1.SpringBatchExample1ApplicationTests]: SpringBatchExample1ApplicationTests does not declare any static, non-private, non-final, nested classes annotated with @Configuration.
12:02:17.421 [main] DEBUG org.springframework.test.context.support.ActiveProfilesUtils - Could not find an 'annotation declaring class' for annotation type [org.springframework.test.context.ActiveProfiles] and class [com.techprimers.springbatchexample1.SpringBatchExample1ApplicationTests]
12:02:17.482 [main] DEBUG org.springframework.core.env.StandardEnvironment - Adding PropertySource 'systemProperties' with lowest search precedence
12:02:17.507 [main] DEBUG org.springframework.core.env.StandardEnvironment - Adding PropertySource 'systemEnvironment' with lowest search precedence
12:02:17.508 [main] DEBUG org.springframework.core.env.StandardEnvironment - Initialized StandardEnvironment with PropertySources [MapPropertySource@990416209 {name='systemProperties', properties={java.runtime.name=Java(TM) SE Runtime Environment, sun.boot.library.path=C:\Program Files\Java\jdk1.8.0_241\jre\bin, java.vm.version=25.241-b07, java.vm.vendor=Oracle Corporation, java.vendor.url=http://java.oracle.com/, path.separator=;, java.vm.name=Java HotSpot(TM) 64-Bit Server VM, file.encoding.pkg=sun.io, user.country=IN, user.script=, sun.java.launcher=SUN_STANDARD, sun.os.patch.level=, java.vm.specification.name=Java Virtual Machine Specification, user.dir=C:\Users\Laxmi Sahithi\Documents\spring-batch-example-1-master, java.runtime.version=1.8.0_241-b07, basedir=C:\Users\Laxmi Sahithi\Documents\spring-batch-example-1-master, java.awt.graphicsenv=sun.awt.Win32GraphicsEnvironment, java.endorsed.dirs=C:\Program Files\Java\jdk1.8.0_241\jre\lib\endorsed, os.arch=amd64, surefire.real.class.path=C:\Users\Laxmi Sahithi\Documents\spring-batch-example-1-master\target\surefire\surefirebooter1394284586728434120.jar, java.io.tmpdir=C:\Users\LAXMIS~1\AppData\Local\Temp\, line.separator=
, java.vm.specification.vendor=Oracle Corporation, user.variant=, os.name=Windows 10, sun.jnu.encoding=Cp1252, java.library.path=C:\Program Files\Java\jdk1.8.0_241\jre\bin;C:\WINDOWS\Sun\Java\bin;C:\WINDOWS\system32;C:\WINDOWS;C:\Program Files\Java\jdk1.8.0_241\jre\bin;C:/Program Files/Java/jre1.8.0_241/bin/server;C:/Program Files/Java/jre1.8.0_241/bin;C:/Program Files/Java/jre1.8.0_241/lib/amd64;C:\Program Files (x86)\Common Files\Oracle\Java\javapath;C:\Program Files (x86)\Common Files\Intel\Shared Files\cpp\bin\Intel64;C:\WINDOWS\system32;C:\WINDOWS;C:\WINDOWS\System32\Wbem;C:\WINDOWS\System32\WindowsPowerShell\v1.0\;c:\Program Files (x86)\Microsoft SQL Server\100\Tools\Binn\;c:\Program Files\Microsoft SQL Server\100\Tools\Binn\;c:\Program Files\Microsoft SQL Server\100\DTS\Binn\;c:\Program Files (x86)\Microsoft SQL Server\100\Tools\Binn\VSShell\Common7\IDE\;c:\Program Files (x86)\Microsoft SQL Server\100\DTS\Binn\;C:\Program Files (x86)\nodejs\;C:\WINDOWS\System32\OpenSSH\;C:\Program Files\apache-maven-3.6.3\bin;C:\Program Files\Java\jdk1.8.0_241;C:\Program Files\apache-maven-3.6.3;C:\Users\Laxmi Sahithi\Desktop\sts-4.6.0.RELEASE;;., surefire.test.class.path=C:\Users\Laxmi Sahithi\Documents\spring-batch-example-1-master\target\test-classes;C:\Users\Laxmi Sahithi\Documents\spring-batch-example-1-master\target\classes;C:\Users\Laxmi Sahithi\.m2\repository\com\opencsv\opencsv\5.1\opencsv-5.1.jar;C:\Users\Laxmi Sahithi\.m2\repository\org\apache\commons\commons-lang3\3.9\commons-lang3-3.9.jar;C:\Users\Laxmi Sahithi\.m2\repository\org\apache\commons\commons-text\1.8\commons-text-1.8.jar;C:\Users\Laxmi Sahithi\.m2\repository\commons-beanutils\commons-beanutils\1.9.3\commons-beanutils-1.9.3.jar;C:\Users\Laxmi Sahithi\.m2\repository\org\apache\commons\commons-collections4\4.4\commons-collections4-4.4.jar;C:\Users\Laxmi Sahithi\.m2\repository\org\springframework\boot\spring-boot-starter-batch\1.5.14.RELEASE\spring-boot-starter-batch-1.5.14.RELEASE.jar;C:\Users\Laxmi Sahithi\.m2\repository\org\springframework\boot\spring-boot-starter\1.5.14.RELEASE\spring-boot-starter-1.5.14.RELEASE.jar;C:\Users\Laxmi Sahithi\.m2\repository\org\springframework\boot\spring-boot-starter-logging\1.5.14.RELEASE\spring-boot-starter-logging-1.5.14.RELEASE.jar;C:\Users\Laxmi Sahithi\.m2\repository\ch\qos\logback\logback-classic\1.1.11\logback-classic-1.1.11.jar;C:\Users\Laxmi Sahithi\.m2\repository\ch\qos\logback\logback-core\1.1.11\logback-core-1.1.11.jar;C:\Users\Laxmi Sahithi\.m2\repository\org\slf4j\jul-to-slf4j\1.7.25\jul-to-slf4j-1.7.25.jar;C:\Users\Laxmi Sahithi\.m2\repository\org\slf4j\log4j-over-slf4j\1.7.25\log4j-over-slf4j-1.7.25.jar;C:\Users\Laxmi Sahithi\.m2\repository\org\yaml\snakeyaml\1.17\snakeyaml-1.17.jar;C:\Users\Laxmi Sahithi\.m2\repository\org\springframework\boot\spring-boot-starter-jdbc\1.5.14.RELEASE\spring-boot-starter-jdbc-1.5.14.RELEASE.jar;C:\Users\Laxmi Sahithi\.m2\repository\org\apache\tomcat\tomcat-jdbc\8.5.31\tomcat-jdbc-8.5.31.jar;C:\Users\Laxmi Sahithi\.m2\repository\org\apache\tomcat\tomcat-juli\8.5.31\tomcat-juli-8.5.31.jar;C:\Users\Laxmi Sahithi\.m2\repository\org\springframework\batch\spring-batch-core\3.0.9.RELEASE\spring-batch-core-3.0.9.RELEASE.jar;C:\Users\Laxmi Sahithi\.m2\repository\com\ibm\jbatch\com.ibm.jbatch-tck-spi\1.0\com.ibm.jbatch-tck-spi-1.0.jar;C:\Users\Laxmi Sahithi\.m2\repository\javax\batch\javax.batch-api\1.0\javax.batch-api-1.0.jar;C:\Users\Laxmi Sahithi\.m2\repository\com\thoughtworks\xstream\xstream\1.4.7\xstream-1.4.7.jar;C:\Users\Laxmi Sahithi\.m2\repository\xmlpull\xmlpull\1.1.3.1\xmlpull-1.1.3.1.jar;C:\Users\Laxmi Sahithi\.m2\repository\xpp3\xpp3_min\1.1.4c\xpp3_min-1.1.4c.jar;C:\Users\Laxmi Sahithi\.m2\repository\org\codehaus\jettison\jettison\1.2\jettison-1.2.jar;C:\Users\Laxmi Sahithi\.m2\repository\org\springframework\batch\spring-batch-infrastructure\3.0.9.RELEASE\spring-batch-infrastructure-3.0.9.RELEASE.jar;C:\Users\Laxmi Sahithi\.m2\repository\org\springframework\retry\spring-retry\1.2.2.RELEASE\spring-retry-1.2.2.RELEASE.jar;C:\Users\Laxmi Sahithi\.m2\repository\org\springframework\spring-aop\4.3.18.RELEASE\spring-aop-4.3.18.RELEASE.jar;C:\Users\Laxmi Sahithi\.m2\repository\org\springframework\spring-beans\4.3.18.RELEASE\spring-beans-4.3.18.RELEASE.jar;C:\Users\Laxmi Sahithi\.m2\repository\org\springframework\spring-context\4.3.18.RELEASE\spring-context-4.3.18.RELEASE.jar;C:\Users\Laxmi Sahithi\.m2\repository\org\springframework\spring-tx\4.3.18.RELEASE\spring-tx-4.3.18.RELEASE.jar;C:\Users\Laxmi Sahithi\.m2\repository\org\springframework\boot\spring-boot-starter-data-jpa\1.5.14.RELEASE\spring-boot-starter-data-jpa-1.5.14.RELEASE.jar;C:\Users\Laxmi Sahithi\.m2\repository\org\springframework\boot\spring-boot-starter-aop\1.5.14.RELEASE\spring-boot-starter-aop-1.5.14.RELEASE.jar;C:\Users\Laxmi Sahithi\.m2\repository\org\aspectj\aspectjweaver\1.8.13\aspectjweaver-1.8.13.jar;C:\Users\Laxmi Sahithi\.m2\repository\org\hibernate\hibernate-core\5.0.12.Final\hibernate-core-5.0.12.Final.jar;C:\Users\Laxmi Sahithi\.m2\repository\org\jboss\logging\jboss-logging\3.3.2.Final\jboss-logging-3.3.2.Final.jar;C:\Users\Laxmi Sahithi\.m2\repository\org\hibernate\javax\persistence\hibernate-jpa-2.1-api\1.0.0.Final\hibernate-jpa-2.1-api-1.0.0.Final.jar;C:\Users\Laxmi Sahithi\.m2\repository\org\javassist\javassist\3.21.0-GA\javassist-3.21.0-GA.jar;C:\Users\Laxmi Sahithi\.m2\repository\antlr\antlr\2.7.7\antlr-2.7.7.jar;C:\Users\Laxmi Sahithi\.m2\repository\org\jboss\jandex\2.0.0.Final\jandex-2.0.0.Final.jar;C:\Users\Laxmi Sahithi\.m2\repository\dom4j\dom4j\1.6.1\dom4j-1.6.1.jar;C:\Users\Laxmi Sahithi\.m2\repository\org\hibernate\common\hibernate-commons-annotations\5.0.1.Final\hibernate-commons-annotations-5.0.1.Final.jar;C:\Users\Laxmi Sahithi\.m2\repository\org\hibernate\hibernate-entitymanager\5.0.12.Final\hibernate-entitymanager-5.0.12.Final.jar;C:\Users\Laxmi Sahithi\.m2\repository\javax\transaction\javax.transaction-api\1.2\javax.transaction-api-1.2.jar;C:\Users\Laxmi Sahithi\.m2\repository\org\springframework\data\spring-data-jpa\1.11.13.RELEASE\spring-data-jpa-1.11.13.RELEASE.jar;C:\Users\Laxmi Sahithi\.m2\repository\org\springframework\data\spring-data-commons\1.13.13.RELEASE\spring-data-commons-1.13.13.RELEASE.jar;C:\Users\Laxmi Sahithi\.m2\repository\org\springframework\spring-orm\4.3.18.RELEASE\spring-orm-4.3.18.RELEASE.jar;C:\Users\Laxmi Sahithi\.m2\repository\org\slf4j\slf4j-api\1.7.25\slf4j-api-1.7.25.jar;C:\Users\Laxmi Sahithi\.m2\repository\org\slf4j\jcl-over-slf4j\1.7.25\jcl-over-slf4j-1.7.25.jar;C:\Users\Laxmi Sahithi\.m2\repository\org\springframework\spring-aspects\4.3.18.RELEASE\spring-aspects-4.3.18.RELEASE.jar;C:\Users\Laxmi Sahithi\.m2\repository\org\springframework\boot\spring-boot-starter-web\1.5.14.RELEASE\spring-boot-starter-web-1.5.14.RELEASE.jar;C:\Users\Laxmi Sahithi\.m2\repository\org\springframework\boot\spring-boot-starter-tomcat\1.5.14.RELEASE\spring-boot-starter-tomcat-1.5.14.RELEASE.jar;C:\Users\Laxmi Sahithi\.m2\repository\org\apache\tomcat\embed\tomcat-embed-core\8.5.31\tomcat-embed-core-8.5.31.jar;C:\Users\Laxmi Sahithi\.m2\repository\org\apache\tomcat\tomcat-annotations-api\8.5.31\tomcat-annotations-api-8.5.31.jar;C:\Users\Laxmi Sahithi\.m2\repository\org\apache\tomcat\embed\tomcat-embed-el\8.5.31\tomcat-embed-el-8.5.31.jar;C:\Users\Laxmi Sahithi\.m2\repository\org\apache\tomcat\embed\tomcat-embed-websocket\8.5.31\tomcat-embed-websocket-8.5.31.jar;C:\Users\Laxmi Sahithi\.m2\repository\org\hibernate\hibernate-validator\5.3.6.Final\hibernate-validator-5.3.6.Final.jar;C:\Users\Laxmi Sahithi\.m2\repository\javax\validation\validation-api\1.1.0.Final\validation-api-1.1.0.Final.jar;C:\Users\Laxmi Sahithi\.m2\repository\com\fasterxml\classmate\1.3.4\classmate-1.3.4.jar;C:\Users\Laxmi Sahithi\.m2\repository\com\fasterxml\jackson\core\jackson-databind\2.8.11.2\jackson-databind-2.8.11.2.jar;C:\Users\Laxmi Sahithi\.m2\repository\com\fasterxml\jackson\core\jackson-annotations\2.8.0\jackson-annotations-2.8.0.jar;C:\Users\Laxmi Sahithi\.m2\repository\com\fasterxml\jackson\core\jackson-core\2.8.11\jackson-core-2.8.11.jar;C:\Users\Laxmi Sahithi\.m2\repository\org\springframework\spring-web\4.3.18.RELEASE\spring-web-4.3.18.RELEASE.jar;C:\Users\Laxmi Sahithi\.m2\repository\org\springframework\spring-webmvc\4.3.18.RELEASE\spring-webmvc-4.3.18.RELEASE.jar;C:\Users\Laxmi Sahithi\.m2\repository\org\springframework\spring-expression\4.3.18.RELEASE\spring-expression-4.3.18.RELEASE.jar;C:\Users\Laxmi Sahithi\.m2\repository\org\springframework\boot\spring-boot-devtools\1.5.14.RELEASE\spring-boot-devtools-1.5.14.RELEASE.jar;C:\Users\Laxmi Sahithi\.m2\repository\org\springframework\boot\spring-boot\1.5.14.RELEASE\spring-boot-1.5.14.RELEASE.jar;C:\Users\Laxmi Sahithi\.m2\repository\org\springframework\boot\spring-boot-autoconfigure\1.5.14.RELEASE\spring-boot-autoconfigure-1.5.14.RELEASE.jar;C:\Users\Laxmi Sahithi\.m2\repository\com\h2database\h2\1.4.197\h2-1.4.197.jar;C:\Users\Laxmi Sahithi\.m2\repository\org\springframework\boot\spring-boot-starter-test\1.5.14.RELEASE\spring-boot-starter-test-1.5.14.RELEASE.jar;C:\Users\Laxmi Sahithi\.m2\repository\org\springframework\boot\spring-boot-test\1.5.14.RELEASE\spring-boot-test-1.5.14.RELEASE.jar;C:\Users\Laxmi Sahithi\.m2\repository\org\springframework\boot\spring-boot-test-autoconfigure\1.5.14.RELEASE\spring-boot-test-autoconfigure-1.5.14.RELEASE.jar;C:\Users\Laxmi Sahithi\.m2\repository\com\jayway\jsonpath\json-path\2.2.0\json-path-2.2.0.jar;C:\Users\Laxmi Sahithi\.m2\repository\net\minidev\json-smart\2.2.1\json-smart-2.2.1.jar;C:\Users\Laxmi Sahithi\.m2\repository\net\minidev\accessors-smart\1.1\accessors-smart-1.1.jar;C:\Users\Laxmi Sahithi\.m2\repository\org\ow2\asm\asm\5.0.3\asm-5.0.3.jar;C:\Users\Laxmi Sahithi\.m2\repository\junit\junit\4.12\junit-4.12.jar;C:\Users\Laxmi Sahithi\.m2\repository\org\assertj\assertj-core\2.6.0\assertj-core-2.6.0.jar;C:\Users\Laxmi Sahithi\.m2\repository\org\mockito\mockito-core\1.10.19\mockito-core-1.10.19.jar;C:\Users\Laxmi Sahithi\.m2\repository\org\objenesis\objenesis\2.1\objenesis-2.1.jar;C:\Users\Laxmi Sahithi\.m2\repository\org\hamcrest\hamcrest-core\1.3\hamcrest-core-1.3.jar;C:\Users\Laxmi Sahithi\.m2\repository\org\hamcrest\hamcrest-library\1.3\hamcrest-library-1.3.jar;C:\Users\Laxmi Sahithi\.m2\repository\org\skyscreamer\jsonassert\1.4.0\jsonassert-1.4.0.jar;C:\Users\Laxmi Sahithi\.m2\repository\com\vaadin\external\google\android-json\0.0.20131108.vaadin1\android-json-0.0.20131108.vaadin1.jar;C:\Users\Laxmi Sahithi\.m2\repository\org\springframework\spring-core\4.3.18.RELEASE\spring-core-4.3.18.RELEASE.jar;C:\Users\Laxmi Sahithi\.m2\repository\org\springframework\spring-test\4.3.18.RELEASE\spring-test-4.3.18.RELEASE.jar;C:\Users\Laxmi Sahithi\.m2\repository\org\springframework\batch\spring-batch-test\3.0.9.RELEASE\spring-batch-test-3.0.9.RELEASE.jar;C:\Users\Laxmi Sahithi\.m2\repository\commons-collections\commons-collections\3.2.2\commons-collections-3.2.2.jar;C:\Users\Laxmi Sahithi\.m2\repository\commons-io\commons-io\2.4\commons-io-2.4.jar;C:\Users\Laxmi Sahithi\.m2\repository\org\springframework\spring-jdbc\4.3.18.RELEASE\spring-jdbc-4.3.18.RELEASE.jar;, java.specification.name=Java Platform API Specification, java.class.version=52.0, sun.management.compiler=HotSpot 64-Bit Tiered Compilers, os.version=10.0, user.home=C:\Users\Laxmi Sahithi, user.timezone=Asia/Calcutta, java.awt.printerjob=sun.awt.windows.WPrinterJob, file.encoding=Cp1252, java.specification.version=1.8, java.class.path=C:\Users\Laxmi Sahithi\Documents\spring-batch-example-1-master\target\test-classes;C:\Users\Laxmi Sahithi\Documents\spring-batch-example-1-master\target\classes;C:\Users\Laxmi Sahithi\.m2\repository\com\opencsv\opencsv\5.1\opencsv-5.1.jar;C:\Users\Laxmi Sahithi\.m2\repository\org\apache\commons\commons-lang3\3.9\commons-lang3-3.9.jar;C:\Users\Laxmi Sahithi\.m2\repository\org\apache\commons\commons-text\1.8\commons-text-1.8.jar;C:\Users\Laxmi Sahithi\.m2\repository\commons-beanutils\commons-beanutils\1.9.3\commons-beanutils-1.9.3.jar;C:\Users\Laxmi Sahithi\.m2\repository\org\apache\commons\commons-collections4\4.4\commons-collections4-4.4.jar;C:\Users\Laxmi Sahithi\.m2\repository\org\springframework\boot\spring-boot-starter-batch\1.5.14.RELEASE\spring-boot-starter-batch-1.5.14.RELEASE.jar;C:\Users\Laxmi Sahithi\.m2\repository\org\springframework\boot\spring-boot-starter\1.5.14.RELEASE\spring-boot-starter-1.5.14.RELEASE.jar;C:\Users\Laxmi Sahithi\.m2\repository\org\springframework\boot\spring-boot-starter-logging\1.5.14.RELEASE\spring-boot-starter-logging-1.5.14.RELEASE.jar;C:\Users\Laxmi Sahithi\.m2\repository\ch\qos\logback\logback-classic\1.1.11\logback-classic-1.1.11.jar;C:\Users\Laxmi Sahithi\.m2\repository\ch\qos\logback\logback-core\1.1.11\logback-core-1.1.11.jar;C:\Users\Laxmi Sahithi\.m2\repository\org\slf4j\jul-to-slf4j\1.7.25\jul-to-slf4j-1.7.25.jar;C:\Users\Laxmi Sahithi\.m2\repository\org\slf4j\log4j-over-slf4j\1.7.25\log4j-over-slf4j-1.7.25.jar;C:\Users\Laxmi Sahithi\.m2\repository\org\yaml\snakeyaml\1.17\snakeyaml-1.17.jar;C:\Users\Laxmi Sahithi\.m2\repository\org\springframework\boot\spring-boot-starter-jdbc\1.5.14.RELEASE\spring-boot-starter-jdbc-1.5.14.RELEASE.jar;C:\Users\Laxmi Sahithi\.m2\repository\org\apache\tomcat\tomcat-jdbc\8.5.31\tomcat-jdbc-8.5.31.jar;C:\Users\Laxmi Sahithi\.m2\repository\org\apache\tomcat\tomcat-juli\8.5.31\tomcat-juli-8.5.31.jar;C:\Users\Laxmi Sahithi\.m2\repository\org\springframework\batch\spring-batch-core\3.0.9.RELEASE\spring-batch-core-3.0.9.RELEASE.jar;C:\Users\Laxmi Sahithi\.m2\repository\com\ibm\jbatch\com.ibm.jbatch-tck-spi\1.0\com.ibm.jbatch-tck-spi-1.0.jar;C:\Users\Laxmi Sahithi\.m2\repository\javax\batch\javax.batch-api\1.0\javax.batch-api-1.0.jar;C:\Users\Laxmi Sahithi\.m2\repository\com\thoughtworks\xstream\xstream\1.4.7\xstream-1.4.7.jar;C:\Users\Laxmi Sahithi\.m2\repository\xmlpull\xmlpull\1.1.3.1\xmlpull-1.1.3.1.jar;C:\Users\Laxmi Sahithi\.m2\repository\xpp3\xpp3_min\1.1.4c\xpp3_min-1.1.4c.jar;C:\Users\Laxmi Sahithi\.m2\repository\org\codehaus\jettison\jettison\1.2\jettison-1.2.jar;C:\Users\Laxmi Sahithi\.m2\repository\org\springframework\batch\spring-batch-infrastructure\3.0.9.RELEASE\spring-batch-infrastructure-3.0.9.RELEASE.jar;C:\Users\Laxmi Sahithi\.m2\repository\org\springframework\retry\spring-retry\1.2.2.RELEASE\spring-retry-1.2.2.RELEASE.jar;C:\Users\Laxmi Sahithi\.m2\repository\org\springframework\spring-aop\4.3.18.RELEASE\spring-aop-4.3.18.RELEASE.jar;C:\Users\Laxmi Sahithi\.m2\repository\org\springframework\spring-beans\4.3.18.RELEASE\spring-beans-4.3.18.RELEASE.jar;C:\Users\Laxmi Sahithi\.m2\repository\org\springframework\spring-context\4.3.18.RELEASE\spring-context-4.3.18.RELEASE.jar;C:\Users\Laxmi Sahithi\.m2\repository\org\springframework\spring-tx\4.3.18.RELEASE\spring-tx-4.3.18.RELEASE.jar;C:\Users\Laxmi Sahithi\.m2\repository\org\springframework\boot\spring-boot-starter-data-jpa\1.5.14.RELEASE\spring-boot-starter-data-jpa-1.5.14.RELEASE.jar;C:\Users\Laxmi Sahithi\.m2\repository\org\springframework\boot\spring-boot-starter-aop\1.5.14.RELEASE\spring-boot-starter-aop-1.5.14.RELEASE.jar;C:\Users\Laxmi Sahithi\.m2\repository\org\aspectj\aspectjweaver\1.8.13\aspectjweaver-1.8.13.jar;C:\Users\Laxmi Sahithi\.m2\repository\org\hibernate\hibernate-core\5.0.12.Final\hibernate-core-5.0.12.Final.jar;C:\Users\Laxmi Sahithi\.m2\repository\org\jboss\logging\jboss-logging\3.3.2.Final\jboss-logging-3.3.2.Final.jar;C:\Users\Laxmi Sahithi\.m2\repository\org\hibernate\javax\persistence\hibernate-jpa-2.1-api\1.0.0.Final\hibernate-jpa-2.1-api-1.0.0.Final.jar;C:\Users\Laxmi Sahithi\.m2\repository\org\javassist\javassist\3.21.0-GA\javassist-3.21.0-GA.jar;C:\Users\Laxmi Sahithi\.m2\repository\antlr\antlr\2.7.7\antlr-2.7.7.jar;C:\Users\Laxmi Sahithi\.m2\repository\org\jboss\jandex\2.0.0.Final\jandex-2.0.0.Final.jar;C:\Users\Laxmi Sahithi\.m2\repository\dom4j\dom4j\1.6.1\dom4j-1.6.1.jar;C:\Users\Laxmi Sahithi\.m2\repository\org\hibernate\common\hibernate-commons-annotations\5.0.1.Final\hibernate-commons-annotations-5.0.1.Final.jar;C:\Users\Laxmi Sahithi\.m2\repository\org\hibernate\hibernate-entitymanager\5.0.12.Final\hibernate-entitymanager-5.0.12.Final.jar;C:\Users\Laxmi Sahithi\.m2\repository\javax\transaction\javax.transaction-api\1.2\javax.transaction-api-1.2.jar;C:\Users\Laxmi Sahithi\.m2\repository\org\springframework\data\spring-data-jpa\1.11.13.RELEASE\spring-data-jpa-1.11.13.RELEASE.jar;C:\Users\Laxmi Sahithi\.m2\repository\org\springframework\data\spring-data-commons\1.13.13.RELEASE\spring-data-commons-1.13.13.RELEASE.jar;C:\Users\Laxmi Sahithi\.m2\repository\org\springframework\spring-orm\4.3.18.RELEASE\spring-orm-4.3.18.RELEASE.jar;C:\Users\Laxmi Sahithi\.m2\repository\org\slf4j\slf4j-api\1.7.25\slf4j-api-1.7.25.jar;C:\Users\Laxmi Sahithi\.m2\repository\org\slf4j\jcl-over-slf4j\1.7.25\jcl-over-slf4j-1.7.25.jar;C:\Users\Laxmi Sahithi\.m2\repository\org\springframework\spring-aspects\4.3.18.RELEASE\spring-aspects-4.3.18.RELEASE.jar;C:\Users\Laxmi Sahithi\.m2\repository\org\springframework\boot\spring-boot-starter-web\1.5.14.RELEASE\spring-boot-starter-web-1.5.14.RELEASE.jar;C:\Users\Laxmi Sahithi\.m2\repository\org\springframework\boot\spring-boot-starter-tomcat\1.5.14.RELEASE\spring-boot-starter-tomcat-1.5.14.RELEASE.jar;C:\Users\Laxmi Sahithi\.m2\repository\org\apache\tomcat\embed\tomcat-embed-core\8.5.31\tomcat-embed-core-8.5.31.jar;C:\Users\Laxmi Sahithi\.m2\repository\org\apache\tomcat\tomcat-annotations-api\8.5.31\tomcat-annotations-api-8.5.31.jar;C:\Users\Laxmi Sahithi\.m2\repository\org\apache\tomcat\embed\tomcat-embed-el\8.5.31\tomcat-embed-el-8.5.31.jar;C:\Users\Laxmi Sahithi\.m2\repository\org\apache\tomcat\embed\tomcat-embed-websocket\8.5.31\tomcat-embed-websocket-8.5.31.jar;C:\Users\Laxmi Sahithi\.m2\repository\org\hibernate\hibernate-validator\5.3.6.Final\hibernate-validator-5.3.6.Final.jar;C:\Users\Laxmi Sahithi\.m2\repository\javax\validation\validation-api\1.1.0.Final\validation-api-1.1.0.Final.jar;C:\Users\Laxmi Sahithi\.m2\repository\com\fasterxml\classmate\1.3.4\classmate-1.3.4.jar;C:\Users\Laxmi Sahithi\.m2\repository\com\fasterxml\jackson\core\jackson-databind\2.8.11.2\jackson-databind-2.8.11.2.jar;C:\Users\Laxmi Sahithi\.m2\repository\com\fasterxml\jackson\core\jackson-annotations\2.8.0\jackson-annotations-2.8.0.jar;C:\Users\Laxmi Sahithi\.m2\repository\com\fasterxml\jackson\core\jackson-core\2.8.11\jackson-core-2.8.11.jar;C:\Users\Laxmi Sahithi\.m2\repository\org\springframework\spring-web\4.3.18.RELEASE\spring-web-4.3.18.RELEASE.jar;C:\Users\Laxmi Sahithi\.m2\repository\org\springframework\spring-webmvc\4.3.18.RELEASE\spring-webmvc-4.3.18.RELEASE.jar;C:\Users\Laxmi Sahithi\.m2\repository\org\springframework\spring-expression\4.3.18.RELEASE\spring-expression-4.3.18.RELEASE.jar;C:\Users\Laxmi Sahithi\.m2\repository\org\springframework\boot\spring-boot-devtools\1.5.14.RELEASE\spring-boot-devtools-1.5.14.RELEASE.jar;C:\Users\Laxmi Sahithi\.m2\repository\org\springframework\boot\spring-boot\1.5.14.RELEASE\spring-boot-1.5.14.RELEASE.jar;C:\Users\Laxmi Sahithi\.m2\repository\org\springframework\boot\spring-boot-autoconfigure\1.5.14.RELEASE\spring-boot-autoconfigure-1.5.14.RELEASE.jar;C:\Users\Laxmi Sahithi\.m2\repository\com\h2database\h2\1.4.197\h2-1.4.197.jar;C:\Users\Laxmi Sahithi\.m2\repository\org\springframework\boot\spring-boot-starter-test\1.5.14.RELEASE\spring-boot-starter-test-1.5.14.RELEASE.jar;C:\Users\Laxmi Sahithi\.m2\repository\org\springframework\boot\spring-boot-test\1.5.14.RELEASE\spring-boot-test-1.5.14.RELEASE.jar;C:\Users\Laxmi Sahithi\.m2\repository\org\springframework\boot\spring-boot-test-autoconfigure\1.5.14.RELEASE\spring-boot-test-autoconfigure-1.5.14.RELEASE.jar;C:\Users\Laxmi Sahithi\.m2\repository\com\jayway\jsonpath\json-path\2.2.0\json-path-2.2.0.jar;C:\Users\Laxmi Sahithi\.m2\repository\net\minidev\json-smart\2.2.1\json-smart-2.2.1.jar;C:\Users\Laxmi Sahithi\.m2\repository\net\minidev\accessors-smart\1.1\accessors-smart-1.1.jar;C:\Users\Laxmi Sahithi\.m2\repository\org\ow2\asm\asm\5.0.3\asm-5.0.3.jar;C:\Users\Laxmi Sahithi\.m2\repository\junit\junit\4.12\junit-4.12.jar;C:\Users\Laxmi Sahithi\.m2\repository\org\assertj\assertj-core\2.6.0\assertj-core-2.6.0.jar;C:\Users\Laxmi Sahithi\.m2\repository\org\mockito\mockito-core\1.10.19\mockito-core-1.10.19.jar;C:\Users\Laxmi Sahithi\.m2\repository\org\objenesis\objenesis\2.1\objenesis-2.1.jar;C:\Users\Laxmi Sahithi\.m2\repository\org\hamcrest\hamcrest-core\1.3\hamcrest-core-1.3.jar;C:\Users\Laxmi Sahithi\.m2\repository\org\hamcrest\hamcrest-library\1.3\hamcrest-library-1.3.jar;C:\Users\Laxmi Sahithi\.m2\repository\org\skyscreamer\jsonassert\1.4.0\jsonassert-1.4.0.jar;C:\Users\Laxmi Sahithi\.m2\repository\com\vaadin\external\google\android-json\0.0.20131108.vaadin1\android-json-0.0.20131108.vaadin1.jar;C:\Users\Laxmi Sahithi\.m2\repository\org\springframework\spring-core\4.3.18.RELEASE\spring-core-4.3.18.RELEASE.jar;C:\Users\Laxmi Sahithi\.m2\repository\org\springframework\spring-test\4.3.18.RELEASE\spring-test-4.3.18.RELEASE.jar;C:\Users\Laxmi Sahithi\.m2\repository\org\springframework\batch\spring-batch-test\3.0.9.RELEASE\spring-batch-test-3.0.9.RELEASE.jar;C:\Users\Laxmi Sahithi\.m2\repository\commons-collections\commons-collections\3.2.2\commons-collections-3.2.2.jar;C:\Users\Laxmi Sahithi\.m2\repository\commons-io\commons-io\2.4\commons-io-2.4.jar;C:\Users\Laxmi Sahithi\.m2\repository\org\springframework\spring-jdbc\4.3.18.RELEASE\spring-jdbc-4.3.18.RELEASE.jar;, user.name=Laxmi Sahithi, java.vm.specification.version=1.8, sun.java.command=C:\Users\Laxmi Sahithi\Documents\spring-batch-example-1-master\target\surefire\surefirebooter1394284586728434120.jar C:\Users\Laxmi Sahithi\Documents\spring-batch-example-1-master\target\surefire\surefire5591677169662133102tmp C:\Users\Laxmi Sahithi\Documents\spring-batch-example-1-master\target\surefire\surefire_08586587446693569597tmp, java.home=C:\Program Files\Java\jdk1.8.0_241\jre, sun.arch.data.model=64, user.language=en, java.specification.vendor=Oracle Corporation, awt.toolkit=sun.awt.windows.WToolkit, java.vm.info=mixed mode, java.version=1.8.0_241, java.ext.dirs=C:\Program Files\Java\jdk1.8.0_241\jre\lib\ext;C:\WINDOWS\Sun\Java\lib\ext, sun.boot.class.path=C:\Program Files\Java\jdk1.8.0_241\jre\lib\resources.jar;C:\Program Files\Java\jdk1.8.0_241\jre\lib\rt.jar;C:\Program Files\Java\jdk1.8.0_241\jre\lib\sunrsasign.jar;C:\Program Files\Java\jdk1.8.0_241\jre\lib\jsse.jar;C:\Program Files\Java\jdk1.8.0_241\jre\lib\jce.jar;C:\Program Files\Java\jdk1.8.0_241\jre\lib\charsets.jar;C:\Program Files\Java\jdk1.8.0_241\jre\lib\jfr.jar;C:\Program Files\Java\jdk1.8.0_241\jre\classes, java.vendor=Oracle Corporation, localRepository=C:\Users\Laxmi Sahithi\.m2\repository, style.color=always, file.separator=\, java.vendor.url.bug=http://bugreport.sun.com/bugreport/, sun.io.unicode.encoding=UnicodeLittle, sun.cpu.endian=little, sun.desktop=windows, sun.cpu.isalist=amd64}}, SystemEnvironmentPropertySource@394714818 {name='systemEnvironment', properties={JAVA= C:\Program Files\Java\jdk1.8.0_241\bin, PATH=C:\Program Files\Java\jdk1.8.0_241\jre\bin;C:/Program Files/Java/jre1.8.0_241/bin/server;C:/Program Files/Java/jre1.8.0_241/bin;C:/Program Files/Java/jre1.8.0_241/lib/amd64;C:\Program Files (x86)\Common Files\Oracle\Java\javapath;C:\Program Files (x86)\Common Files\Intel\Shared Files\cpp\bin\Intel64;C:\WINDOWS\system32;C:\WINDOWS;C:\WINDOWS\System32\Wbem;C:\WINDOWS\System32\WindowsPowerShell\v1.0\;c:\Program Files (x86)\Microsoft SQL Server\100\Tools\Binn\;c:\Program Files\Microsoft SQL Server\100\Tools\Binn\;c:\Program Files\Microsoft SQL Server\100\DTS\Binn\;c:\Program Files (x86)\Microsoft SQL Server\100\Tools\Binn\VSShell\Common7\IDE\;c:\Program Files (x86)\Microsoft SQL Server\100\DTS\Binn\;C:\Program Files (x86)\nodejs\;C:\WINDOWS\System32\OpenSSH\;C:\Program Files\apache-maven-3.6.3\bin;C:\Program Files\Java\jdk1.8.0_241;C:\Program Files\apache-maven-3.6.3;C:\Users\Laxmi Sahithi\Desktop\sts-4.6.0.RELEASE;, USERDOMAIN_ROAMINGPROFILE=SAHITHI, LOCALAPPDATA=C:\Users\Laxmi Sahithi\AppData\Local, PROCESSOR_LEVEL=6, SYSTEMDRIVE=C:, COMMONPROGRAMFILES(X86)=C:\Program Files (x86)\Common Files, USERDOMAIN=SAHITHI, LOGONSERVER=\\SAHITHI, PROMPT=$P$G, SESSIONNAME=Console, ALLUSERSPROFILE=C:\ProgramData, PROGRAMFILES(X86)=C:\Program Files (x86), PROCESSOR_ARCHITECTURE=AMD64, DRIVERDATA=C:\Windows\System32\Drivers\DriverData, MAVEN_HOME=C:\Program Files\apache-maven-3.6.3, PROGRAMFILES=C:\Program Files, =C:=C:\Users\Laxmi Sahithi\Documents\spring-batch-example-1-master, APPDATA=C:\Users\Laxmi Sahithi\AppData\Roaming, PSMODULEPATH=C:\Program Files\WindowsPowerShell\Modules;C:\WINDOWS\system32\WindowsPowerShell\v1.0\Modules, PROGRAMW6432=C:\Program Files, PROGRAMDATA=C:\ProgramData, SYSTEMROOT=C:\WINDOWS, USERNAME=Laxmi Sahithi, ONEDRIVE=C:\Users\Laxmi Sahithi\OneDrive, PATHEXT=.COM;.EXE;.BAT;.CMD;.VBS;.VBE;.JS;.JSE;.WSF;.WSH;.MSC, OS=Windows_NT, COMMONPROGRAMW6432=C:\Program Files\Common Files, COMPUTERNAME=SAHITHI, ONEDRIVECONSUMER=C:\Users\Laxmi Sahithi\OneDrive, COMMONPROGRAMFILES=C:\Program Files\Common Files, COMSPEC=C:\WINDOWS\system32\cmd.exe, PROCESSOR_REVISION=3708, WINDIR=C:\WINDOWS, HOMEPATH=\Users\Laxmi Sahithi, TEMP=C:\Users\LAXMIS~1\AppData\Local\Temp, HOMEDRIVE=C:, PROCESSOR_IDENTIFIER=Intel64 Family 6 Model 55 Stepping 8, GenuineIntel, USERPROFILE=C:\Users\Laxmi Sahithi, TMP=C:\Users\LAXMIS~1\AppData\Local\Temp, PUBLIC=C:\Users\Public, NUMBER_OF_PROCESSORS=4, C_EM64T_REDIST11=C:\Program Files (x86)\Common Files\Intel\Shared Files\cpp\}}]
12:02:17.651 [main] DEBUG org.springframework.core.io.support.PathMatchingResourcePatternResolver - Resolved classpath location [com/techprimers/springbatchexample1/] to resources [URL [file:/C:/Users/Laxmi%20Sahithi/Documents/spring-batch-example-1-master/target/test-classes/com/techprimers/springbatchexample1/]]
12:02:17.653 [main] DEBUG org.springframework.core.io.support.PathMatchingResourcePatternResolver - Looking for matching resources in directory tree [C:\Users\Laxmi Sahithi\Documents\spring-batch-example-1-master\target\test-classes\com\techprimers\springbatchexample1]
12:02:17.654 [main] DEBUG org.springframework.core.io.support.PathMatchingResourcePatternResolver - Searching directory [C:\Users\Laxmi Sahithi\Documents\spring-batch-example-1-master\target\test-classes\com\techprimers\springbatchexample1] for files matching pattern [C:/Users/Laxmi Sahithi/Documents/spring-batch-example-1-master/target/test-classes/com/techprimers/springbatchexample1/*.class]
12:02:17.673 [main] DEBUG org.springframework.core.io.support.PathMatchingResourcePatternResolver - Resolved location pattern [classpath*:com/techprimers/springbatchexample1/*.class] to resources [file [C:\Users\Laxmi Sahithi\Documents\spring-batch-example-1-master\target\test-classes\com\techprimers\springbatchexample1\SpringBatchExample1ApplicationTests.class]]
12:02:17.768 [main] DEBUG org.springframework.core.io.support.PathMatchingResourcePatternResolver - Resolved classpath location [com/techprimers/] to resources [URL [file:/C:/Users/Laxmi%20Sahithi/Documents/spring-batch-example-1-master/target/test-classes/com/techprimers/]]
12:02:17.768 [main] DEBUG org.springframework.core.io.support.PathMatchingResourcePatternResolver - Looking for matching resources in directory tree [C:\Users\Laxmi Sahithi\Documents\spring-batch-example-1-master\target\test-classes\com\techprimers]
12:02:17.769 [main] DEBUG org.springframework.core.io.support.PathMatchingResourcePatternResolver - Searching directory [C:\Users\Laxmi Sahithi\Documents\spring-batch-example-1-master\target\test-classes\com\techprimers] for files matching pattern [C:/Users/Laxmi Sahithi/Documents/spring-batch-example-1-master/target/test-classes/com/techprimers/*.class]
12:02:17.770 [main] DEBUG org.springframework.core.io.support.PathMatchingResourcePatternResolver - Resolved location pattern [classpath*:com/techprimers/*.class] to resources []
12:02:17.774 [main] DEBUG org.springframework.core.io.support.PathMatchingResourcePatternResolver - Resolved classpath location [com/] to resources [URL [file:/C:/Users/Laxmi%20Sahithi/Documents/spring-batch-example-1-master/target/test-classes/com/], URL [file:/C:/Users/Laxmi%20Sahithi/Documents/spring-batch-example-1-master/target/classes/com/], URL [jar:file:/C:/Users/Laxmi%20Sahithi/.m2/repository/com/opencsv/opencsv/5.1/opencsv-5.1.jar!/com/], URL [jar:file:/C:/Users/Laxmi%20Sahithi/.m2/repository/com/ibm/jbatch/com.ibm.jbatch-tck-spi/1.0/com.ibm.jbatch-tck-spi-1.0.jar!/com/], URL [jar:file:/C:/Users/Laxmi%20Sahithi/.m2/repository/com/thoughtworks/xstream/xstream/1.4.7/xstream-1.4.7.jar!/com/], URL [jar:file:/C:/Users/Laxmi%20Sahithi/.m2/repository/com/fasterxml/classmate/1.3.4/classmate-1.3.4.jar!/com/], URL [jar:file:/C:/Users/Laxmi%20Sahithi/.m2/repository/com/fasterxml/jackson/core/jackson-databind/2.8.11.2/jackson-databind-2.8.11.2.jar!/com/], URL [jar:file:/C:/Users/Laxmi%20Sahithi/.m2/repository/com/fasterxml/jackson/core/jackson-annotations/2.8.0/jackson-annotations-2.8.0.jar!/com/], URL [jar:file:/C:/Users/Laxmi%20Sahithi/.m2/repository/com/fasterxml/jackson/core/jackson-core/2.8.11/jackson-core-2.8.11.jar!/com/], URL [jar:file:/C:/Users/Laxmi%20Sahithi/.m2/repository/com/jayway/jsonpath/json-path/2.2.0/json-path-2.2.0.jar!/com/]]
12:02:17.775 [main] DEBUG org.springframework.core.io.support.PathMatchingResourcePatternResolver - Looking for matching resources in directory tree [C:\Users\Laxmi Sahithi\Documents\spring-batch-example-1-master\target\test-classes\com]
12:02:17.776 [main] DEBUG org.springframework.core.io.support.PathMatchingResourcePatternResolver - Searching directory [C:\Users\Laxmi Sahithi\Documents\spring-batch-example-1-master\target\test-classes\com] for files matching pattern [C:/Users/Laxmi Sahithi/Documents/spring-batch-example-1-master/target/test-classes/com/*.class]
12:02:17.778 [main] DEBUG org.springframework.core.io.support.PathMatchingResourcePatternResolver - Looking for matching resources in directory tree [C:\Users\Laxmi Sahithi\Documents\spring-batch-example-1-master\target\classes\com]
12:02:17.779 [main] DEBUG org.springframework.core.io.support.PathMatchingResourcePatternResolver - Searching directory [C:\Users\Laxmi Sahithi\Documents\spring-batch-example-1-master\target\classes\com] for files matching pattern [C:/Users/Laxmi Sahithi/Documents/spring-batch-example-1-master/target/classes/com/*.class]
12:02:17.783 [main] DEBUG org.springframework.core.io.support.PathMatchingResourcePatternResolver - Looking for matching resources in jar file [file:/C:/Users/Laxmi%20Sahithi/.m2/repository/com/opencsv/opencsv/5.1/opencsv-5.1.jar]
12:02:17.791 [main] DEBUG org.springframework.core.io.support.PathMatchingResourcePatternResolver - Looking for matching resources in jar file [file:/C:/Users/Laxmi%20Sahithi/.m2/repository/com/ibm/jbatch/com.ibm.jbatch-tck-spi/1.0/com.ibm.jbatch-tck-spi-1.0.jar]
12:02:17.792 [main] DEBUG org.springframework.core.io.support.PathMatchingResourcePatternResolver - Looking for matching resources in jar file [file:/C:/Users/Laxmi%20Sahithi/.m2/repository/com/thoughtworks/xstream/xstream/1.4.7/xstream-1.4.7.jar]
12:02:17.821 [main] DEBUG org.springframework.core.io.support.PathMatchingResourcePatternResolver - Looking for matching resources in jar file [file:/C:/Users/Laxmi%20Sahithi/.m2/repository/com/fasterxml/classmate/1.3.4/classmate-1.3.4.jar]
12:02:17.835 [main] DEBUG org.springframework.core.io.support.PathMatchingResourcePatternResolver - Looking for matching resources in jar file [file:/C:/Users/Laxmi%20Sahithi/.m2/repository/com/fasterxml/jackson/core/jackson-databind/2.8.11.2/jackson-databind-2.8.11.2.jar]
12:02:17.855 [main] DEBUG org.springframework.core.io.support.PathMatchingResourcePatternResolver - Looking for matching resources in jar file [file:/C:/Users/Laxmi%20Sahithi/.m2/repository/com/fasterxml/jackson/core/jackson-annotations/2.8.0/jackson-annotations-2.8.0.jar]
12:02:17.859 [main] DEBUG org.springframework.core.io.support.PathMatchingResourcePatternResolver - Looking for matching resources in jar file [file:/C:/Users/Laxmi%20Sahithi/.m2/repository/com/fasterxml/jackson/core/jackson-core/2.8.11/jackson-core-2.8.11.jar]
12:02:17.885 [main] DEBUG org.springframework.core.io.support.PathMatchingResourcePatternResolver - Looking for matching resources in jar file [file:/C:/Users/Laxmi%20Sahithi/.m2/repository/com/jayway/jsonpath/json-path/2.2.0/json-path-2.2.0.jar]
12:02:17.888 [main] DEBUG org.springframework.core.io.support.PathMatchingResourcePatternResolver - Resolved location pattern [classpath*:com/*.class] to resources []
12:02:17.948 [main] DEBUG org.springframework.test.context.junit4.SpringJUnit4ClassRunner - SpringJUnit4ClassRunner constructor called with [class com.techprimers.springbatchexample1.SpringBatchExample1ApplicationTests]
12:02:17.949 [main] DEBUG org.springframework.test.context.BootstrapUtils - Instantiating CacheAwareContextLoaderDelegate from class [org.springframework.test.context.cache.DefaultCacheAwareContextLoaderDelegate]
12:02:17.950 [main] DEBUG org.springframework.test.context.BootstrapUtils - Instantiating BootstrapContext using constructor [public org.springframework.test.context.support.DefaultBootstrapContext(java.lang.Class,org.springframework.test.context.CacheAwareContextLoaderDelegate)]
12:02:17.951 [main] DEBUG org.springframework.test.context.BootstrapUtils - Instantiating TestContextBootstrapper for test class [com.techprimers.springbatchexample1.SpringBatchExample1ApplicationTests] from class [org.springframework.boot.test.context.SpringBootTestContextBootstrapper]
12:02:17.953 [main] INFO org.springframework.boot.test.context.SpringBootTestContextBootstrapper - Neither @ContextConfiguration nor @ContextHierarchy found for test class [com.techprimers.springbatchexample1.SpringBatchExample1ApplicationTests], using SpringBootContextLoader
12:02:17.955 [main] DEBUG org.springframework.test.context.support.AbstractContextLoader - Did not detect default resource location for test class [com.techprimers.springbatchexample1.SpringBatchExample1ApplicationTests]: class path resource [com/techprimers/springbatchexample1/SpringBatchExample1ApplicationTests-context.xml] does not exist
12:02:17.957 [main] DEBUG org.springframework.test.context.support.AbstractContextLoader - Did not detect default resource location for test class [com.techprimers.springbatchexample1.SpringBatchExample1ApplicationTests]: class path resource [com/techprimers/springbatchexample1/SpringBatchExample1ApplicationTestsContext.groovy] does not exist
12:02:17.959 [main] INFO org.springframework.test.context.support.AbstractContextLoader - Could not detect default resource locations for test class [com.techprimers.springbatchexample1.SpringBatchExample1ApplicationTests]: no resource found for suffixes {-context.xml, Context.groovy}.
12:02:17.960 [main] INFO org.springframework.test.context.support.AnnotationConfigContextLoaderUtils - Could not detect default configuration classes for test class [com.techprimers.springbatchexample1.SpringBatchExample1ApplicationTests]: SpringBatchExample1ApplicationTests does not declare any static, non-private, non-final, nested classes annotated with @Configuration.
12:02:17.985 [main] DEBUG org.springframework.test.context.support.ActiveProfilesUtils - Could not find an 'annotation declaring class' for annotation type [org.springframework.test.context.ActiveProfiles] and class [com.techprimers.springbatchexample1.SpringBatchExample1ApplicationTests]
12:02:17.986 [main] DEBUG org.springframework.core.env.StandardEnvironment - Adding PropertySource 'systemProperties' with lowest search precedence
12:02:17.986 [main] DEBUG org.springframework.core.env.StandardEnvironment - Adding PropertySource 'systemEnvironment' with lowest search precedence
12:02:17.987 [main] DEBUG org.springframework.core.env.StandardEnvironment - Initialized StandardEnvironment with PropertySources [MapPropertySource@926370398 {name='systemProperties', properties={java.runtime.name=Java(TM) SE Runtime Environment, sun.boot.library.path=C:\Program Files\Java\jdk1.8.0_241\jre\bin, java.vm.version=25.241-b07, java.vm.vendor=Oracle Corporation, java.vendor.url=http://java.oracle.com/, path.separator=;, java.vm.name=Java HotSpot(TM) 64-Bit Server VM, file.encoding.pkg=sun.io, user.country=IN, user.script=, sun.java.launcher=SUN_STANDARD, sun.os.patch.level=, java.vm.specification.name=Java Virtual Machine Specification, user.dir=C:\Users\Laxmi Sahithi\Documents\spring-batch-example-1-master, java.runtime.version=1.8.0_241-b07, basedir=C:\Users\Laxmi Sahithi\Documents\spring-batch-example-1-master, java.awt.graphicsenv=sun.awt.Win32GraphicsEnvironment, java.endorsed.dirs=C:\Program Files\Java\jdk1.8.0_241\jre\lib\endorsed, os.arch=amd64, surefire.real.class.path=C:\Users\Laxmi Sahithi\Documents\spring-batch-example-1-master\target\surefire\surefirebooter1394284586728434120.jar, java.io.tmpdir=C:\Users\LAXMIS~1\AppData\Local\Temp\, line.separator=
, java.vm.specification.vendor=Oracle Corporation, user.variant=, os.name=Windows 10, sun.jnu.encoding=Cp1252, java.library.path=C:\Program Files\Java\jdk1.8.0_241\jre\bin;C:\WINDOWS\Sun\Java\bin;C:\WINDOWS\system32;C:\WINDOWS;C:\Program Files\Java\jdk1.8.0_241\jre\bin;C:/Program Files/Java/jre1.8.0_241/bin/server;C:/Program Files/Java/jre1.8.0_241/bin;C:/Program Files/Java/jre1.8.0_241/lib/amd64;C:\Program Files (x86)\Common Files\Oracle\Java\javapath;C:\Program Files (x86)\Common Files\Intel\Shared Files\cpp\bin\Intel64;C:\WINDOWS\system32;C:\WINDOWS;C:\WINDOWS\System32\Wbem;C:\WINDOWS\System32\WindowsPowerShell\v1.0\;c:\Program Files (x86)\Microsoft SQL Server\100\Tools\Binn\;c:\Program Files\Microsoft SQL Server\100\Tools\Binn\;c:\Program Files\Microsoft SQL Server\100\DTS\Binn\;c:\Program Files (x86)\Microsoft SQL Server\100\Tools\Binn\VSShell\Common7\IDE\;c:\Program Files (x86)\Microsoft SQL Server\100\DTS\Binn\;C:\Program Files (x86)\nodejs\;C:\WINDOWS\System32\OpenSSH\;C:\Program Files\apache-maven-3.6.3\bin;C:\Program Files\Java\jdk1.8.0_241;C:\Program Files\apache-maven-3.6.3;C:\Users\Laxmi Sahithi\Desktop\sts-4.6.0.RELEASE;;., surefire.test.class.path=C:\Users\Laxmi Sahithi\Documents\spring-batch-example-1-master\target\test-classes;C:\Users\Laxmi Sahithi\Documents\spring-batch-example-1-master\target\classes;C:\Users\Laxmi Sahithi\.m2\repository\com\opencsv\opencsv\5.1\opencsv-5.1.jar;C:\Users\Laxmi Sahithi\.m2\repository\org\apache\commons\commons-lang3\3.9\commons-lang3-3.9.jar;C:\Users\Laxmi Sahithi\.m2\repository\org\apache\commons\commons-text\1.8\commons-text-1.8.jar;C:\Users\Laxmi Sahithi\.m2\repository\commons-beanutils\commons-beanutils\1.9.3\commons-beanutils-1.9.3.jar;C:\Users\Laxmi Sahithi\.m2\repository\org\apache\commons\commons-collections4\4.4\commons-collections4-4.4.jar;C:\Users\Laxmi Sahithi\.m2\repository\org\springframework\boot\spring-boot-starter-batch\1.5.14.RELEASE\spring-boot-starter-batch-1.5.14.RELEASE.jar;C:\Users\Laxmi Sahithi\.m2\repository\org\springframework\boot\spring-boot-starter\1.5.14.RELEASE\spring-boot-starter-1.5.14.RELEASE.jar;C:\Users\Laxmi Sahithi\.m2\repository\org\springframework\boot\spring-boot-starter-logging\1.5.14.RELEASE\spring-boot-starter-logging-1.5.14.RELEASE.jar;C:\Users\Laxmi Sahithi\.m2\repository\ch\qos\logback\logback-classic\1.1.11\logback-classic-1.1.11.jar;C:\Users\Laxmi Sahithi\.m2\repository\ch\qos\logback\logback-core\1.1.11\logback-core-1.1.11.jar;C:\Users\Laxmi Sahithi\.m2\repository\org\slf4j\jul-to-slf4j\1.7.25\jul-to-slf4j-1.7.25.jar;C:\Users\Laxmi Sahithi\.m2\repository\org\slf4j\log4j-over-slf4j\1.7.25\log4j-over-slf4j-1.7.25.jar;C:\Users\Laxmi Sahithi\.m2\repository\org\yaml\snakeyaml\1.17\snakeyaml-1.17.jar;C:\Users\Laxmi Sahithi\.m2\repository\org\springframework\boot\spring-boot-starter-jdbc\1.5.14.RELEASE\spring-boot-starter-jdbc-1.5.14.RELEASE.jar;C:\Users\Laxmi Sahithi\.m2\repository\org\apache\tomcat\tomcat-jdbc\8.5.31\tomcat-jdbc-8.5.31.jar;C:\Users\Laxmi Sahithi\.m2\repository\org\apache\tomcat\tomcat-juli\8.5.31\tomcat-juli-8.5.31.jar;C:\Users\Laxmi Sahithi\.m2\repository\org\springframework\batch\spring-batch-core\3.0.9.RELEASE\spring-batch-core-3.0.9.RELEASE.jar;C:\Users\Laxmi Sahithi\.m2\repository\com\ibm\jbatch\com.ibm.jbatch-tck-spi\1.0\com.ibm.jbatch-tck-spi-1.0.jar;C:\Users\Laxmi Sahithi\.m2\repository\javax\batch\javax.batch-api\1.0\javax.batch-api-1.0.jar;C:\Users\Laxmi Sahithi\.m2\repository\com\thoughtworks\xstream\xstream\1.4.7\xstream-1.4.7.jar;C:\Users\Laxmi Sahithi\.m2\repository\xmlpull\xmlpull\1.1.3.1\xmlpull-1.1.3.1.jar;C:\Users\Laxmi Sahithi\.m2\repository\xpp3\xpp3_min\1.1.4c\xpp3_min-1.1.4c.jar;C:\Users\Laxmi Sahithi\.m2\repository\org\codehaus\jettison\jettison\1.2\jettison-1.2.jar;C:\Users\Laxmi Sahithi\.m2\repository\org\springframework\batch\spring-batch-infrastructure\3.0.9.RELEASE\spring-batch-infrastructure-3.0.9.RELEASE.jar;C:\Users\Laxmi Sahithi\.m2\repository\org\springframework\retry\spring-retry\1.2.2.RELEASE\spring-retry-1.2.2.RELEASE.jar;C:\Users\Laxmi Sahithi\.m2\repository\org\springframework\spring-aop\4.3.18.RELEASE\spring-aop-4.3.18.RELEASE.jar;C:\Users\Laxmi Sahithi\.m2\repository\org\springframework\spring-beans\4.3.18.RELEASE\spring-beans-4.3.18.RELEASE.jar;C:\Users\Laxmi Sahithi\.m2\repository\org\springframework\spring-context\4.3.18.RELEASE\spring-context-4.3.18.RELEASE.jar;C:\Users\Laxmi Sahithi\.m2\repository\org\springframework\spring-tx\4.3.18.RELEASE\spring-tx-4.3.18.RELEASE.jar;C:\Users\Laxmi Sahithi\.m2\repository\org\springframework\boot\spring-boot-starter-data-jpa\1.5.14.RELEASE\spring-boot-starter-data-jpa-1.5.14.RELEASE.jar;C:\Users\Laxmi Sahithi\.m2\repository\org\springframework\boot\spring-boot-starter-aop\1.5.14.RELEASE\spring-boot-starter-aop-1.5.14.RELEASE.jar;C:\Users\Laxmi Sahithi\.m2\repository\org\aspectj\aspectjweaver\1.8.13\aspectjweaver-1.8.13.jar;C:\Users\Laxmi Sahithi\.m2\repository\org\hibernate\hibernate-core\5.0.12.Final\hibernate-core-5.0.12.Final.jar;C:\Users\Laxmi Sahithi\.m2\repository\org\jboss\logging\jboss-logging\3.3.2.Final\jboss-logging-3.3.2.Final.jar;C:\Users\Laxmi Sahithi\.m2\repository\org\hibernate\javax\persistence\hibernate-jpa-2.1-api\1.0.0.Final\hibernate-jpa-2.1-api-1.0.0.Final.jar;C:\Users\Laxmi Sahithi\.m2\repository\org\javassist\javassist\3.21.0-GA\javassist-3.21.0-GA.jar;C:\Users\Laxmi Sahithi\.m2\repository\antlr\antlr\2.7.7\antlr-2.7.7.jar;C:\Users\Laxmi Sahithi\.m2\repository\org\jboss\jandex\2.0.0.Final\jandex-2.0.0.Final.jar;C:\Users\Laxmi Sahithi\.m2\repository\dom4j\dom4j\1.6.1\dom4j-1.6.1.jar;C:\Users\Laxmi Sahithi\.m2\repository\org\hibernate\common\hibernate-commons-annotations\5.0.1.Final\hibernate-commons-annotations-5.0.1.Final.jar;C:\Users\Laxmi Sahithi\.m2\repository\org\hibernate\hibernate-entitymanager\5.0.12.Final\hibernate-entitymanager-5.0.12.Final.jar;C:\Users\Laxmi Sahithi\.m2\repository\javax\transaction\javax.transaction-api\1.2\javax.transaction-api-1.2.jar;C:\Users\Laxmi Sahithi\.m2\repository\org\springframework\data\spring-data-jpa\1.11.13.RELEASE\spring-data-jpa-1.11.13.RELEASE.jar;C:\Users\Laxmi Sahithi\.m2\repository\org\springframework\data\spring-data-commons\1.13.13.RELEASE\spring-data-commons-1.13.13.RELEASE.jar;C:\Users\Laxmi Sahithi\.m2\repository\org\springframework\spring-orm\4.3.18.RELEASE\spring-orm-4.3.18.RELEASE.jar;C:\Users\Laxmi Sahithi\.m2\repository\org\slf4j\slf4j-api\1.7.25\slf4j-api-1.7.25.jar;C:\Users\Laxmi Sahithi\.m2\repository\org\slf4j\jcl-over-slf4j\1.7.25\jcl-over-slf4j-1.7.25.jar;C:\Users\Laxmi Sahithi\.m2\repository\org\springframework\spring-aspects\4.3.18.RELEASE\spring-aspects-4.3.18.RELEASE.jar;C:\Users\Laxmi Sahithi\.m2\repository\org\springframework\boot\spring-boot-starter-web\1.5.14.RELEASE\spring-boot-starter-web-1.5.14.RELEASE.jar;C:\Users\Laxmi Sahithi\.m2\repository\org\springframework\boot\spring-boot-starter-tomcat\1.5.14.RELEASE\spring-boot-starter-tomcat-1.5.14.RELEASE.jar;C:\Users\Laxmi Sahithi\.m2\repository\org\apache\tomcat\embed\tomcat-embed-core\8.5.31\tomcat-embed-core-8.5.31.jar;C:\Users\Laxmi Sahithi\.m2\repository\org\apache\tomcat\tomcat-annotations-api\8.5.31\tomcat-annotations-api-8.5.31.jar;C:\Users\Laxmi Sahithi\.m2\repository\org\apache\tomcat\embed\tomcat-embed-el\8.5.31\tomcat-embed-el-8.5.31.jar;C:\Users\Laxmi Sahithi\.m2\repository\org\apache\tomcat\embed\tomcat-embed-websocket\8.5.31\tomcat-embed-websocket-8.5.31.jar;C:\Users\Laxmi Sahithi\.m2\repository\org\hibernate\hibernate-validator\5.3.6.Final\hibernate-validator-5.3.6.Final.jar;C:\Users\Laxmi Sahithi\.m2\repository\javax\validation\validation-api\1.1.0.Final\validation-api-1.1.0.Final.jar;C:\Users\Laxmi Sahithi\.m2\repository\com\fasterxml\classmate\1.3.4\classmate-1.3.4.jar;C:\Users\Laxmi Sahithi\.m2\repository\com\fasterxml\jackson\core\jackson-databind\2.8.11.2\jackson-databind-2.8.11.2.jar;C:\Users\Laxmi Sahithi\.m2\repository\com\fasterxml\jackson\core\jackson-annotations\2.8.0\jackson-annotations-2.8.0.jar;C:\Users\Laxmi Sahithi\.m2\repository\com\fasterxml\jackson\core\jackson-core\2.8.11\jackson-core-2.8.11.jar;C:\Users\Laxmi Sahithi\.m2\repository\org\springframework\spring-web\4.3.18.RELEASE\spring-web-4.3.18.RELEASE.jar;C:\Users\Laxmi Sahithi\.m2\repository\org\springframework\spring-webmvc\4.3.18.RELEASE\spring-webmvc-4.3.18.RELEASE.jar;C:\Users\Laxmi Sahithi\.m2\repository\org\springframework\spring-expression\4.3.18.RELEASE\spring-expression-4.3.18.RELEASE.jar;C:\Users\Laxmi Sahithi\.m2\repository\org\springframework\boot\spring-boot-devtools\1.5.14.RELEASE\spring-boot-devtools-1.5.14.RELEASE.jar;C:\Users\Laxmi Sahithi\.m2\repository\org\springframework\boot\spring-boot\1.5.14.RELEASE\spring-boot-1.5.14.RELEASE.jar;C:\Users\Laxmi Sahithi\.m2\repository\org\springframework\boot\spring-boot-autoconfigure\1.5.14.RELEASE\spring-boot-autoconfigure-1.5.14.RELEASE.jar;C:\Users\Laxmi Sahithi\.m2\repository\com\h2database\h2\1.4.197\h2-1.4.197.jar;C:\Users\Laxmi Sahithi\.m2\repository\org\springframework\boot\spring-boot-starter-test\1.5.14.RELEASE\spring-boot-starter-test-1.5.14.RELEASE.jar;C:\Users\Laxmi Sahithi\.m2\repository\org\springframework\boot\spring-boot-test\1.5.14.RELEASE\spring-boot-test-1.5.14.RELEASE.jar;C:\Users\Laxmi Sahithi\.m2\repository\org\springframework\boot\spring-boot-test-autoconfigure\1.5.14.RELEASE\spring-boot-test-autoconfigure-1.5.14.RELEASE.jar;C:\Users\Laxmi Sahithi\.m2\repository\com\jayway\jsonpath\json-path\2.2.0\json-path-2.2.0.jar;C:\Users\Laxmi Sahithi\.m2\repository\net\minidev\json-smart\2.2.1\json-smart-2.2.1.jar;C:\Users\Laxmi Sahithi\.m2\repository\net\minidev\accessors-smart\1.1\accessors-smart-1.1.jar;C:\Users\Laxmi Sahithi\.m2\repository\org\ow2\asm\asm\5.0.3\asm-5.0.3.jar;C:\Users\Laxmi Sahithi\.m2\repository\junit\junit\4.12\junit-4.12.jar;C:\Users\Laxmi Sahithi\.m2\repository\org\assertj\assertj-core\2.6.0\assertj-core-2.6.0.jar;C:\Users\Laxmi Sahithi\.m2\repository\org\mockito\mockito-core\1.10.19\mockito-core-1.10.19.jar;C:\Users\Laxmi Sahithi\.m2\repository\org\objenesis\objenesis\2.1\objenesis-2.1.jar;C:\Users\Laxmi Sahithi\.m2\repository\org\hamcrest\hamcrest-core\1.3\hamcrest-core-1.3.jar;C:\Users\Laxmi Sahithi\.m2\repository\org\hamcrest\hamcrest-library\1.3\hamcrest-library-1.3.jar;C:\Users\Laxmi Sahithi\.m2\repository\org\skyscreamer\jsonassert\1.4.0\jsonassert-1.4.0.jar;C:\Users\Laxmi Sahithi\.m2\repository\com\vaadin\external\google\android-json\0.0.20131108.vaadin1\android-json-0.0.20131108.vaadin1.jar;C:\Users\Laxmi Sahithi\.m2\repository\org\springframework\spring-core\4.3.18.RELEASE\spring-core-4.3.18.RELEASE.jar;C:\Users\Laxmi Sahithi\.m2\repository\org\springframework\spring-test\4.3.18.RELEASE\spring-test-4.3.18.RELEASE.jar;C:\Users\Laxmi Sahithi\.m2\repository\org\springframework\batch\spring-batch-test\3.0.9.RELEASE\spring-batch-test-3.0.9.RELEASE.jar;C:\Users\Laxmi Sahithi\.m2\repository\commons-collections\commons-collections\3.2.2\commons-collections-3.2.2.jar;C:\Users\Laxmi Sahithi\.m2\repository\commons-io\commons-io\2.4\commons-io-2.4.jar;C:\Users\Laxmi Sahithi\.m2\repository\org\springframework\spring-jdbc\4.3.18.RELEASE\spring-jdbc-4.3.18.RELEASE.jar;, java.specification.name=Java Platform API Specification, java.class.version=52.0, sun.management.compiler=HotSpot 64-Bit Tiered Compilers, os.version=10.0, user.home=C:\Users\Laxmi Sahithi, user.timezone=Asia/Calcutta, java.awt.printerjob=sun.awt.windows.WPrinterJob, file.encoding=Cp1252, java.specification.version=1.8, java.class.path=C:\Users\Laxmi Sahithi\Documents\spring-batch-example-1-master\target\test-classes;C:\Users\Laxmi Sahithi\Documents\spring-batch-example-1-master\target\classes;C:\Users\Laxmi Sahithi\.m2\repository\com\opencsv\opencsv\5.1\opencsv-5.1.jar;C:\Users\Laxmi Sahithi\.m2\repository\org\apache\commons\commons-lang3\3.9\commons-lang3-3.9.jar;C:\Users\Laxmi Sahithi\.m2\repository\org\apache\commons\commons-text\1.8\commons-text-1.8.jar;C:\Users\Laxmi Sahithi\.m2\repository\commons-beanutils\commons-beanutils\1.9.3\commons-beanutils-1.9.3.jar;C:\Users\Laxmi Sahithi\.m2\repository\org\apache\commons\commons-collections4\4.4\commons-collections4-4.4.jar;C:\Users\Laxmi Sahithi\.m2\repository\org\springframework\boot\spring-boot-starter-batch\1.5.14.RELEASE\spring-boot-starter-batch-1.5.14.RELEASE.jar;C:\Users\Laxmi Sahithi\.m2\repository\org\springframework\boot\spring-boot-starter\1.5.14.RELEASE\spring-boot-starter-1.5.14.RELEASE.jar;C:\Users\Laxmi Sahithi\.m2\repository\org\springframework\boot\spring-boot-starter-logging\1.5.14.RELEASE\spring-boot-starter-logging-1.5.14.RELEASE.jar;C:\Users\Laxmi Sahithi\.m2\repository\ch\qos\logback\logback-classic\1.1.11\logback-classic-1.1.11.jar;C:\Users\Laxmi Sahithi\.m2\repository\ch\qos\logback\logback-core\1.1.11\logback-core-1.1.11.jar;C:\Users\Laxmi Sahithi\.m2\repository\org\slf4j\jul-to-slf4j\1.7.25\jul-to-slf4j-1.7.25.jar;C:\Users\Laxmi Sahithi\.m2\repository\org\slf4j\log4j-over-slf4j\1.7.25\log4j-over-slf4j-1.7.25.jar;C:\Users\Laxmi Sahithi\.m2\repository\org\yaml\snakeyaml\1.17\snakeyaml-1.17.jar;C:\Users\Laxmi Sahithi\.m2\repository\org\springframework\boot\spring-boot-starter-jdbc\1.5.14.RELEASE\spring-boot-starter-jdbc-1.5.14.RELEASE.jar;C:\Users\Laxmi Sahithi\.m2\repository\org\apache\tomcat\tomcat-jdbc\8.5.31\tomcat-jdbc-8.5.31.jar;C:\Users\Laxmi Sahithi\.m2\repository\org\apache\tomcat\tomcat-juli\8.5.31\tomcat-juli-8.5.31.jar;C:\Users\Laxmi Sahithi\.m2\repository\org\springframework\batch\spring-batch-core\3.0.9.RELEASE\spring-batch-core-3.0.9.RELEASE.jar;C:\Users\Laxmi Sahithi\.m2\repository\com\ibm\jbatch\com.ibm.jbatch-tck-spi\1.0\com.ibm.jbatch-tck-spi-1.0.jar;C:\Users\Laxmi Sahithi\.m2\repository\javax\batch\javax.batch-api\1.0\javax.batch-api-1.0.jar;C:\Users\Laxmi Sahithi\.m2\repository\com\thoughtworks\xstream\xstream\1.4.7\xstream-1.4.7.jar;C:\Users\Laxmi Sahithi\.m2\repository\xmlpull\xmlpull\1.1.3.1\xmlpull-1.1.3.1.jar;C:\Users\Laxmi Sahithi\.m2\repository\xpp3\xpp3_min\1.1.4c\xpp3_min-1.1.4c.jar;C:\Users\Laxmi Sahithi\.m2\repository\org\codehaus\jettison\jettison\1.2\jettison-1.2.jar;C:\Users\Laxmi Sahithi\.m2\repository\org\springframework\batch\spring-batch-infrastructure\3.0.9.RELEASE\spring-batch-infrastructure-3.0.9.RELEASE.jar;C:\Users\Laxmi Sahithi\.m2\repository\org\springframework\retry\spring-retry\1.2.2.RELEASE\spring-retry-1.2.2.RELEASE.jar;C:\Users\Laxmi Sahithi\.m2\repository\org\springframework\spring-aop\4.3.18.RELEASE\spring-aop-4.3.18.RELEASE.jar;C:\Users\Laxmi Sahithi\.m2\repository\org\springframework\spring-beans\4.3.18.RELEASE\spring-beans-4.3.18.RELEASE.jar;C:\Users\Laxmi Sahithi\.m2\repository\org\springframework\spring-context\4.3.18.RELEASE\spring-context-4.3.18.RELEASE.jar;C:\Users\Laxmi Sahithi\.m2\repository\org\springframework\spring-tx\4.3.18.RELEASE\spring-tx-4.3.18.RELEASE.jar;C:\Users\Laxmi Sahithi\.m2\repository\org\springframework\boot\spring-boot-starter-data-jpa\1.5.14.RELEASE\spring-boot-starter-data-jpa-1.5.14.RELEASE.jar;C:\Users\Laxmi Sahithi\.m2\repository\org\springframework\boot\spring-boot-starter-aop\1.5.14.RELEASE\spring-boot-starter-aop-1.5.14.RELEASE.jar;C:\Users\Laxmi Sahithi\.m2\repository\org\aspectj\aspectjweaver\1.8.13\aspectjweaver-1.8.13.jar;C:\Users\Laxmi Sahithi\.m2\repository\org\hibernate\hibernate-core\5.0.12.Final\hibernate-core-5.0.12.Final.jar;C:\Users\Laxmi Sahithi\.m2\repository\org\jboss\logging\jboss-logging\3.3.2.Final\jboss-logging-3.3.2.Final.jar;C:\Users\Laxmi Sahithi\.m2\repository\org\hibernate\javax\persistence\hibernate-jpa-2.1-api\1.0.0.Final\hibernate-jpa-2.1-api-1.0.0.Final.jar;C:\Users\Laxmi Sahithi\.m2\repository\org\javassist\javassist\3.21.0-GA\javassist-3.21.0-GA.jar;C:\Users\Laxmi Sahithi\.m2\repository\antlr\antlr\2.7.7\antlr-2.7.7.jar;C:\Users\Laxmi Sahithi\.m2\repository\org\jboss\jandex\2.0.0.Final\jandex-2.0.0.Final.jar;C:\Users\Laxmi Sahithi\.m2\repository\dom4j\dom4j\1.6.1\dom4j-1.6.1.jar;C:\Users\Laxmi Sahithi\.m2\repository\org\hibernate\common\hibernate-commons-annotations\5.0.1.Final\hibernate-commons-annotations-5.0.1.Final.jar;C:\Users\Laxmi Sahithi\.m2\repository\org\hibernate\hibernate-entitymanager\5.0.12.Final\hibernate-entitymanager-5.0.12.Final.jar;C:\Users\Laxmi Sahithi\.m2\repository\javax\transaction\javax.transaction-api\1.2\javax.transaction-api-1.2.jar;C:\Users\Laxmi Sahithi\.m2\repository\org\springframework\data\spring-data-jpa\1.11.13.RELEASE\spring-data-jpa-1.11.13.RELEASE.jar;C:\Users\Laxmi Sahithi\.m2\repository\org\springframework\data\spring-data-commons\1.13.13.RELEASE\spring-data-commons-1.13.13.RELEASE.jar;C:\Users\Laxmi Sahithi\.m2\repository\org\springframework\spring-orm\4.3.18.RELEASE\spring-orm-4.3.18.RELEASE.jar;C:\Users\Laxmi Sahithi\.m2\repository\org\slf4j\slf4j-api\1.7.25\slf4j-api-1.7.25.jar;C:\Users\Laxmi Sahithi\.m2\repository\org\slf4j\jcl-over-slf4j\1.7.25\jcl-over-slf4j-1.7.25.jar;C:\Users\Laxmi Sahithi\.m2\repository\org\springframework\spring-aspects\4.3.18.RELEASE\spring-aspects-4.3.18.RELEASE.jar;C:\Users\Laxmi Sahithi\.m2\repository\org\springframework\boot\spring-boot-starter-web\1.5.14.RELEASE\spring-boot-starter-web-1.5.14.RELEASE.jar;C:\Users\Laxmi Sahithi\.m2\repository\org\springframework\boot\spring-boot-starter-tomcat\1.5.14.RELEASE\spring-boot-starter-tomcat-1.5.14.RELEASE.jar;C:\Users\Laxmi Sahithi\.m2\repository\org\apache\tomcat\embed\tomcat-embed-core\8.5.31\tomcat-embed-core-8.5.31.jar;C:\Users\Laxmi Sahithi\.m2\repository\org\apache\tomcat\tomcat-annotations-api\8.5.31\tomcat-annotations-api-8.5.31.jar;C:\Users\Laxmi Sahithi\.m2\repository\org\apache\tomcat\embed\tomcat-embed-el\8.5.31\tomcat-embed-el-8.5.31.jar;C:\Users\Laxmi Sahithi\.m2\repository\org\apache\tomcat\embed\tomcat-embed-websocket\8.5.31\tomcat-embed-websocket-8.5.31.jar;C:\Users\Laxmi Sahithi\.m2\repository\org\hibernate\hibernate-validator\5.3.6.Final\hibernate-validator-5.3.6.Final.jar;C:\Users\Laxmi Sahithi\.m2\repository\javax\validation\validation-api\1.1.0.Final\validation-api-1.1.0.Final.jar;C:\Users\Laxmi Sahithi\.m2\repository\com\fasterxml\classmate\1.3.4\classmate-1.3.4.jar;C:\Users\Laxmi Sahithi\.m2\repository\com\fasterxml\jackson\core\jackson-databind\2.8.11.2\jackson-databind-2.8.11.2.jar;C:\Users\Laxmi Sahithi\.m2\repository\com\fasterxml\jackson\core\jackson-annotations\2.8.0\jackson-annotations-2.8.0.jar;C:\Users\Laxmi Sahithi\.m2\repository\com\fasterxml\jackson\core\jackson-core\2.8.11\jackson-core-2.8.11.jar;C:\Users\Laxmi Sahithi\.m2\repository\org\springframework\spring-web\4.3.18.RELEASE\spring-web-4.3.18.RELEASE.jar;C:\Users\Laxmi Sahithi\.m2\repository\org\springframework\spring-webmvc\4.3.18.RELEASE\spring-webmvc-4.3.18.RELEASE.jar;C:\Users\Laxmi Sahithi\.m2\repository\org\springframework\spring-expression\4.3.18.RELEASE\spring-expression-4.3.18.RELEASE.jar;C:\Users\Laxmi Sahithi\.m2\repository\org\springframework\boot\spring-boot-devtools\1.5.14.RELEASE\spring-boot-devtools-1.5.14.RELEASE.jar;C:\Users\Laxmi Sahithi\.m2\repository\org\springframework\boot\spring-boot\1.5.14.RELEASE\spring-boot-1.5.14.RELEASE.jar;C:\Users\Laxmi Sahithi\.m2\repository\org\springframework\boot\spring-boot-autoconfigure\1.5.14.RELEASE\spring-boot-autoconfigure-1.5.14.RELEASE.jar;C:\Users\Laxmi Sahithi\.m2\repository\com\h2database\h2\1.4.197\h2-1.4.197.jar;C:\Users\Laxmi Sahithi\.m2\repository\org\springframework\boot\spring-boot-starter-test\1.5.14.RELEASE\spring-boot-starter-test-1.5.14.RELEASE.jar;C:\Users\Laxmi Sahithi\.m2\repository\org\springframework\boot\spring-boot-test\1.5.14.RELEASE\spring-boot-test-1.5.14.RELEASE.jar;C:\Users\Laxmi Sahithi\.m2\repository\org\springframework\boot\spring-boot-test-autoconfigure\1.5.14.RELEASE\spring-boot-test-autoconfigure-1.5.14.RELEASE.jar;C:\Users\Laxmi Sahithi\.m2\repository\com\jayway\jsonpath\json-path\2.2.0\json-path-2.2.0.jar;C:\Users\Laxmi Sahithi\.m2\repository\net\minidev\json-smart\2.2.1\json-smart-2.2.1.jar;C:\Users\Laxmi Sahithi\.m2\repository\net\minidev\accessors-smart\1.1\accessors-smart-1.1.jar;C:\Users\Laxmi Sahithi\.m2\repository\org\ow2\asm\asm\5.0.3\asm-5.0.3.jar;C:\Users\Laxmi Sahithi\.m2\repository\junit\junit\4.12\junit-4.12.jar;C:\Users\Laxmi Sahithi\.m2\repository\org\assertj\assertj-core\2.6.0\assertj-core-2.6.0.jar;C:\Users\Laxmi Sahithi\.m2\repository\org\mockito\mockito-core\1.10.19\mockito-core-1.10.19.jar;C:\Users\Laxmi Sahithi\.m2\repository\org\objenesis\objenesis\2.1\objenesis-2.1.jar;C:\Users\Laxmi Sahithi\.m2\repository\org\hamcrest\hamcrest-core\1.3\hamcrest-core-1.3.jar;C:\Users\Laxmi Sahithi\.m2\repository\org\hamcrest\hamcrest-library\1.3\hamcrest-library-1.3.jar;C:\Users\Laxmi Sahithi\.m2\repository\org\skyscreamer\jsonassert\1.4.0\jsonassert-1.4.0.jar;C:\Users\Laxmi Sahithi\.m2\repository\com\vaadin\external\google\android-json\0.0.20131108.vaadin1\android-json-0.0.20131108.vaadin1.jar;C:\Users\Laxmi Sahithi\.m2\repository\org\springframework\spring-core\4.3.18.RELEASE\spring-core-4.3.18.RELEASE.jar;C:\Users\Laxmi Sahithi\.m2\repository\org\springframework\spring-test\4.3.18.RELEASE\spring-test-4.3.18.RELEASE.jar;C:\Users\Laxmi Sahithi\.m2\repository\org\springframework\batch\spring-batch-test\3.0.9.RELEASE\spring-batch-test-3.0.9.RELEASE.jar;C:\Users\Laxmi Sahithi\.m2\repository\commons-collections\commons-collections\3.2.2\commons-collections-3.2.2.jar;C:\Users\Laxmi Sahithi\.m2\repository\commons-io\commons-io\2.4\commons-io-2.4.jar;C:\Users\Laxmi Sahithi\.m2\repository\org\springframework\spring-jdbc\4.3.18.RELEASE\spring-jdbc-4.3.18.RELEASE.jar;, user.name=Laxmi Sahithi, java.vm.specification.version=1.8, sun.java.command=C:\Users\Laxmi Sahithi\Documents\spring-batch-example-1-master\target\surefire\surefirebooter1394284586728434120.jar C:\Users\Laxmi Sahithi\Documents\spring-batch-example-1-master\target\surefire\surefire5591677169662133102tmp C:\Users\Laxmi Sahithi\Documents\spring-batch-example-1-master\target\surefire\surefire_08586587446693569597tmp, java.home=C:\Program Files\Java\jdk1.8.0_241\jre, sun.arch.data.model=64, user.language=en, java.specification.vendor=Oracle Corporation, awt.toolkit=sun.awt.windows.WToolkit, java.vm.info=mixed mode, java.version=1.8.0_241, java.ext.dirs=C:\Program Files\Java\jdk1.8.0_241\jre\lib\ext;C:\WINDOWS\Sun\Java\lib\ext, sun.boot.class.path=C:\Program Files\Java\jdk1.8.0_241\jre\lib\resources.jar;C:\Program Files\Java\jdk1.8.0_241\jre\lib\rt.jar;C:\Program Files\Java\jdk1.8.0_241\jre\lib\sunrsasign.jar;C:\Program Files\Java\jdk1.8.0_241\jre\lib\jsse.jar;C:\Program Files\Java\jdk1.8.0_241\jre\lib\jce.jar;C:\Program Files\Java\jdk1.8.0_241\jre\lib\charsets.jar;C:\Program Files\Java\jdk1.8.0_241\jre\lib\jfr.jar;C:\Program Files\Java\jdk1.8.0_241\jre\classes, java.vendor=Oracle Corporation, localRepository=C:\Users\Laxmi Sahithi\.m2\repository, style.color=always, file.separator=\, java.vendor.url.bug=http://bugreport.sun.com/bugreport/, sun.io.unicode.encoding=UnicodeLittle, sun.cpu.endian=little, sun.desktop=windows, sun.cpu.isalist=amd64}}, SystemEnvironmentPropertySource@1181869371 {name='systemEnvironment', properties={JAVA= C:\Program Files\Java\jdk1.8.0_241\bin, PATH=C:\Program Files\Java\jdk1.8.0_241\jre\bin;C:/Program Files/Java/jre1.8.0_241/bin/server;C:/Program Files/Java/jre1.8.0_241/bin;C:/Program Files/Java/jre1.8.0_241/lib/amd64;C:\Program Files (x86)\Common Files\Oracle\Java\javapath;C:\Program Files (x86)\Common Files\Intel\Shared Files\cpp\bin\Intel64;C:\WINDOWS\system32;C:\WINDOWS;C:\WINDOWS\System32\Wbem;C:\WINDOWS\System32\WindowsPowerShell\v1.0\;c:\Program Files (x86)\Microsoft SQL Server\100\Tools\Binn\;c:\Program Files\Microsoft SQL Server\100\Tools\Binn\;c:\Program Files\Microsoft SQL Server\100\DTS\Binn\;c:\Program Files (x86)\Microsoft SQL Server\100\Tools\Binn\VSShell\Common7\IDE\;c:\Program Files (x86)\Microsoft SQL Server\100\DTS\Binn\;C:\Program Files (x86)\nodejs\;C:\WINDOWS\System32\OpenSSH\;C:\Program Files\apache-maven-3.6.3\bin;C:\Program Files\Java\jdk1.8.0_241;C:\Program Files\apache-maven-3.6.3;C:\Users\Laxmi Sahithi\Desktop\sts-4.6.0.RELEASE;, USERDOMAIN_ROAMINGPROFILE=SAHITHI, LOCALAPPDATA=C:\Users\Laxmi Sahithi\AppData\Local, PROCESSOR_LEVEL=6, SYSTEMDRIVE=C:, COMMONPROGRAMFILES(X86)=C:\Program Files (x86)\Common Files, USERDOMAIN=SAHITHI, LOGONSERVER=\\SAHITHI, PROMPT=$P$G, SESSIONNAME=Console, ALLUSERSPROFILE=C:\ProgramData, PROGRAMFILES(X86)=C:\Program Files (x86), PROCESSOR_ARCHITECTURE=AMD64, DRIVERDATA=C:\Windows\System32\Drivers\DriverData, MAVEN_HOME=C:\Program Files\apache-maven-3.6.3, PROGRAMFILES=C:\Program Files, =C:=C:\Users\Laxmi Sahithi\Documents\spring-batch-example-1-master, APPDATA=C:\Users\Laxmi Sahithi\AppData\Roaming, PSMODULEPATH=C:\Program Files\WindowsPowerShell\Modules;C:\WINDOWS\system32\WindowsPowerShell\v1.0\Modules, PROGRAMW6432=C:\Program Files, PROGRAMDATA=C:\ProgramData, SYSTEMROOT=C:\WINDOWS, USERNAME=Laxmi Sahithi, ONEDRIVE=C:\Users\Laxmi Sahithi\OneDrive, PATHEXT=.COM;.EXE;.BAT;.CMD;.VBS;.VBE;.JS;.JSE;.WSF;.WSH;.MSC, OS=Windows_NT, COMMONPROGRAMW6432=C:\Program Files\Common Files, COMPUTERNAME=SAHITHI, ONEDRIVECONSUMER=C:\Users\Laxmi Sahithi\OneDrive, COMMONPROGRAMFILES=C:\Program Files\Common Files, COMSPEC=C:\WINDOWS\system32\cmd.exe, PROCESSOR_REVISION=3708, WINDIR=C:\WINDOWS, HOMEPATH=\Users\Laxmi Sahithi, TEMP=C:\Users\LAXMIS~1\AppData\Local\Temp, HOMEDRIVE=C:, PROCESSOR_IDENTIFIER=Intel64 Family 6 Model 55 Stepping 8, GenuineIntel, USERPROFILE=C:\Users\Laxmi Sahithi, TMP=C:\Users\LAXMIS~1\AppData\Local\Temp, PUBLIC=C:\Users\Public, NUMBER_OF_PROCESSORS=4, C_EM64T_REDIST11=C:\Program Files (x86)\Common Files\Intel\Shared Files\cpp\}}]
12:02:17.997 [main] DEBUG org.springframework.core.io.support.PathMatchingResourcePatternResolver - Resolved classpath location [com/techprimers/springbatchexample1/] to resources [URL [file:/C:/Users/Laxmi%20Sahithi/Documents/spring-batch-example-1-master/target/test-classes/com/techprimers/springbatchexample1/]]
12:02:17.998 [main] DEBUG org.springframework.core.io.support.PathMatchingResourcePatternResolver - Looking for matching resources in directory tree [C:\Users\Laxmi Sahithi\Documents\spring-batch-example-1-master\target\test-classes\com\techprimers\springbatchexample1]
12:02:17.999 [main] DEBUG org.springframework.core.io.support.PathMatchingResourcePatternResolver - Searching directory [C:\Users\Laxmi Sahithi\Documents\spring-batch-example-1-master\target\test-classes\com\techprimers\springbatchexample1] for files matching pattern [C:/Users/Laxmi Sahithi/Documents/spring-batch-example-1-master/target/test-classes/com/techprimers/springbatchexample1/*.class]
12:02:18.003 [main] DEBUG org.springframework.core.io.support.PathMatchingResourcePatternResolver - Resolved location pattern [classpath*:com/techprimers/springbatchexample1/*.class] to resources [file [C:\Users\Laxmi Sahithi\Documents\spring-batch-example-1-master\target\test-classes\com\techprimers\springbatchexample1\SpringBatchExample1ApplicationTests.class]]
12:02:18.018 [main] DEBUG org.springframework.core.io.support.PathMatchingResourcePatternResolver - Resolved classpath location [com/techprimers/] to resources [URL [file:/C:/Users/Laxmi%20Sahithi/Documents/spring-batch-example-1-master/target/test-classes/com/techprimers/]]
12:02:18.018 [main] DEBUG org.springframework.core.io.support.PathMatchingResourcePatternResolver - Looking for matching resources in directory tree [C:\Users\Laxmi Sahithi\Documents\spring-batch-example-1-master\target\test-classes\com\techprimers]
12:02:18.019 [main] DEBUG org.springframework.core.io.support.PathMatchingResourcePatternResolver - Searching directory [C:\Users\Laxmi Sahithi\Documents\spring-batch-example-1-master\target\test-classes\com\techprimers] for files matching pattern [C:/Users/Laxmi Sahithi/Documents/spring-batch-example-1-master/target/test-classes/com/techprimers/*.class]
12:02:18.031 [main] DEBUG org.springframework.core.io.support.PathMatchingResourcePatternResolver - Resolved location pattern [classpath*:com/techprimers/*.class] to resources []
12:02:18.034 [main] DEBUG org.springframework.core.io.support.PathMatchingResourcePatternResolver - Resolved classpath location [com/] to resources [URL [file:/C:/Users/Laxmi%20Sahithi/Documents/spring-batch-example-1-master/target/test-classes/com/], URL [file:/C:/Users/Laxmi%20Sahithi/Documents/spring-batch-example-1-master/target/classes/com/], URL [jar:file:/C:/Users/Laxmi%20Sahithi/.m2/repository/com/opencsv/opencsv/5.1/opencsv-5.1.jar!/com/], URL [jar:file:/C:/Users/Laxmi%20Sahithi/.m2/repository/com/ibm/jbatch/com.ibm.jbatch-tck-spi/1.0/com.ibm.jbatch-tck-spi-1.0.jar!/com/], URL [jar:file:/C:/Users/Laxmi%20Sahithi/.m2/repository/com/thoughtworks/xstream/xstream/1.4.7/xstream-1.4.7.jar!/com/], URL [jar:file:/C:/Users/Laxmi%20Sahithi/.m2/repository/com/fasterxml/classmate/1.3.4/classmate-1.3.4.jar!/com/], URL [jar:file:/C:/Users/Laxmi%20Sahithi/.m2/repository/com/fasterxml/jackson/core/jackson-databind/2.8.11.2/jackson-databind-2.8.11.2.jar!/com/], URL [jar:file:/C:/Users/Laxmi%20Sahithi/.m2/repository/com/fasterxml/jackson/core/jackson-annotations/2.8.0/jackson-annotations-2.8.0.jar!/com/], URL [jar:file:/C:/Users/Laxmi%20Sahithi/.m2/repository/com/fasterxml/jackson/core/jackson-core/2.8.11/jackson-core-2.8.11.jar!/com/], URL [jar:file:/C:/Users/Laxmi%20Sahithi/.m2/repository/com/jayway/jsonpath/json-path/2.2.0/json-path-2.2.0.jar!/com/]]
12:02:18.035 [main] DEBUG org.springframework.core.io.support.PathMatchingResourcePatternResolver - Looking for matching resources in directory tree [C:\Users\Laxmi Sahithi\Documents\spring-batch-example-1-master\target\test-classes\com]
12:02:18.037 [main] DEBUG org.springframework.core.io.support.PathMatchingResourcePatternResolver - Searching directory [C:\Users\Laxmi Sahithi\Documents\spring-batch-example-1-master\target\test-classes\com] for files matching pattern [C:/Users/Laxmi Sahithi/Documents/spring-batch-example-1-master/target/test-classes/com/*.class]
12:02:18.039 [main] DEBUG org.springframework.core.io.support.PathMatchingResourcePatternResolver - Looking for matching resources in directory tree [C:\Users\Laxmi Sahithi\Documents\spring-batch-example-1-master\target\classes\com]
12:02:18.040 [main] DEBUG org.springframework.core.io.support.PathMatchingResourcePatternResolver - Searching directory [C:\Users\Laxmi Sahithi\Documents\spring-batch-example-1-master\target\classes\com] for files matching pattern [C:/Users/Laxmi Sahithi/Documents/spring-batch-example-1-master/target/classes/com/*.class]
12:02:18.043 [main] DEBUG org.springframework.core.io.support.PathMatchingResourcePatternResolver - Looking for matching resources in jar file [file:/C:/Users/Laxmi%20Sahithi/.m2/repository/com/opencsv/opencsv/5.1/opencsv-5.1.jar]
12:02:18.049 [main] DEBUG org.springframework.core.io.support.PathMatchingResourcePatternResolver - Looking for matching resources in jar file [file:/C:/Users/Laxmi%20Sahithi/.m2/repository/com/ibm/jbatch/com.ibm.jbatch-tck-spi/1.0/com.ibm.jbatch-tck-spi-1.0.jar]
12:02:18.050 [main] DEBUG org.springframework.core.io.support.PathMatchingResourcePatternResolver - Looking for matching resources in jar file [file:/C:/Users/Laxmi%20Sahithi/.m2/repository/com/thoughtworks/xstream/xstream/1.4.7/xstream-1.4.7.jar]
12:02:18.063 [main] DEBUG org.springframework.core.io.support.PathMatchingResourcePatternResolver - Looking for matching resources in jar file [file:/C:/Users/Laxmi%20Sahithi/.m2/repository/com/fasterxml/classmate/1.3.4/classmate-1.3.4.jar]
12:02:18.073 [main] DEBUG org.springframework.core.io.support.PathMatchingResourcePatternResolver - Looking for matching resources in jar file [file:/C:/Users/Laxmi%20Sahithi/.m2/repository/com/fasterxml/jackson/core/jackson-databind/2.8.11.2/jackson-databind-2.8.11.2.jar]
12:02:18.102 [main] DEBUG org.springframework.core.io.support.PathMatchingResourcePatternResolver - Looking for matching resources in jar file [file:/C:/Users/Laxmi%20Sahithi/.m2/repository/com/fasterxml/jackson/core/jackson-annotations/2.8.0/jackson-annotations-2.8.0.jar]
12:02:18.130 [main] DEBUG org.springframework.core.io.support.PathMatchingResourcePatternResolver - Looking for matching resources in jar file [file:/C:/Users/Laxmi%20Sahithi/.m2/repository/com/fasterxml/jackson/core/jackson-core/2.8.11/jackson-core-2.8.11.jar]
12:02:18.138 [main] DEBUG org.springframework.core.io.support.PathMatchingResourcePatternResolver - Looking for matching resources in jar file [file:/C:/Users/Laxmi%20Sahithi/.m2/repository/com/jayway/jsonpath/json-path/2.2.0/json-path-2.2.0.jar]
12:02:18.141 [main] DEBUG org.springframework.core.io.support.PathMatchingResourcePatternResolver - Resolved location pattern [classpath*:com/*.class] to resources []
]]></system-out>
  </testcase>
</testsuite>